WARNING - 2024-02-19 00:00:19 --> [DEPRECATED] Creation of dynamic property App\Controllers\Admin\Dashboard::$pelanggan is deprecated in APPPATH\Controllers\Admin\Dashboard.php on line 15.
 1 SYSTEMPATH\CodeIgniter.php(906): App\Controllers\Admin\Dashboard->__construct()
 2 SYSTEMPATH\CodeIgniter.php(490): CodeIgniter\CodeIgniter->createController()
 3 SYSTEMPATH\CodeIgniter.php(368): CodeIgniter\CodeIgniter->handleRequest(null, Object(Config\Cache), false)
 4 FCPATH\index.php(69): CodeIgniter\CodeIgniter->run()
WARNING - 2024-02-19 00:00:19 --> [DEPRECATED] Creation of dynamic property App\Controllers\Admin\Dashboard::$produk is deprecated in APPPATH\Controllers\Admin\Dashboard.php on line 16.
 1 SYSTEMPATH\CodeIgniter.php(906): App\Controllers\Admin\Dashboard->__construct()
 2 SYSTEMPATH\CodeIgniter.php(490): CodeIgniter\CodeIgniter->createController()
 3 SYSTEMPATH\CodeIgniter.php(368): CodeIgniter\CodeIgniter->handleRequest(null, Object(Config\Cache), false)
 4 FCPATH\index.php(69): CodeIgniter\CodeIgniter->run()
WARNING - 2024-02-19 00:00:19 --> [DEPRECATED] Creation of dynamic property App\Controllers\Admin\Dashboard::$transaksi is deprecated in APPPATH\Controllers\Admin\Dashboard.php on line 17.
 1 SYSTEMPATH\CodeIgniter.php(906): App\Controllers\Admin\Dashboard->__construct()
 2 SYSTEMPATH\CodeIgniter.php(490): CodeIgniter\CodeIgniter->createController()
 3 SYSTEMPATH\CodeIgniter.php(368): CodeIgniter\CodeIgniter->handleRequest(null, Object(Config\Cache), false)
 4 FCPATH\index.php(69): CodeIgniter\CodeIgniter->run()
WARNING - 2024-02-19 00:00:19 --> [DEPRECATED] Creation of dynamic property App\Controllers\Admin\Dashboard::$user is deprecated in APPPATH\Controllers\Admin\Dashboard.php on line 18.
 1 SYSTEMPATH\CodeIgniter.php(906): App\Controllers\Admin\Dashboard->__construct()
 2 SYSTEMPATH\CodeIgniter.php(490): CodeIgniter\CodeIgniter->createController()
 3 SYSTEMPATH\CodeIgniter.php(368): CodeIgniter\CodeIgniter->handleRequest(null, Object(Config\Cache), false)
 4 FCPATH\index.php(69): CodeIgniter\CodeIgniter->run()
INFO - 2024-02-19 00:00:19 --> Session: Class initialized using 'CodeIgniter\Session\Handlers\FileHandler' driver.
WARNING - 2024-02-19 00:02:45 --> [DEPRECATED] Creation of dynamic property App\Controllers\Admin\Dashboard::$pelanggan is deprecated in APPPATH\Controllers\Admin\Dashboard.php on line 15.
 1 SYSTEMPATH\CodeIgniter.php(906): App\Controllers\Admin\Dashboard->__construct()
 2 SYSTEMPATH\CodeIgniter.php(490): CodeIgniter\CodeIgniter->createController()
 3 SYSTEMPATH\CodeIgniter.php(368): CodeIgniter\CodeIgniter->handleRequest(null, Object(Config\Cache), false)
 4 FCPATH\index.php(69): CodeIgniter\CodeIgniter->run()
WARNING - 2024-02-19 00:02:45 --> [DEPRECATED] Creation of dynamic property App\Controllers\Admin\Dashboard::$produk is deprecated in APPPATH\Controllers\Admin\Dashboard.php on line 16.
 1 SYSTEMPATH\CodeIgniter.php(906): App\Controllers\Admin\Dashboard->__construct()
 2 SYSTEMPATH\CodeIgniter.php(490): CodeIgniter\CodeIgniter->createController()
 3 SYSTEMPATH\CodeIgniter.php(368): CodeIgniter\CodeIgniter->handleRequest(null, Object(Config\Cache), false)
 4 FCPATH\index.php(69): CodeIgniter\CodeIgniter->run()
WARNING - 2024-02-19 00:02:45 --> [DEPRECATED] Creation of dynamic property App\Controllers\Admin\Dashboard::$transaksi is deprecated in APPPATH\Controllers\Admin\Dashboard.php on line 17.
 1 SYSTEMPATH\CodeIgniter.php(906): App\Controllers\Admin\Dashboard->__construct()
 2 SYSTEMPATH\CodeIgniter.php(490): CodeIgniter\CodeIgniter->createController()
 3 SYSTEMPATH\CodeIgniter.php(368): CodeIgniter\CodeIgniter->handleRequest(null, Object(Config\Cache), false)
 4 FCPATH\index.php(69): CodeIgniter\CodeIgniter->run()
WARNING - 2024-02-19 00:02:45 --> [DEPRECATED] Creation of dynamic property App\Controllers\Admin\Dashboard::$user is deprecated in APPPATH\Controllers\Admin\Dashboard.php on line 18.
 1 SYSTEMPATH\CodeIgniter.php(906): App\Controllers\Admin\Dashboard->__construct()
 2 SYSTEMPATH\CodeIgniter.php(490): CodeIgniter\CodeIgniter->createController()
 3 SYSTEMPATH\CodeIgniter.php(368): CodeIgniter\CodeIgniter->handleRequest(null, Object(Config\Cache), false)
 4 FCPATH\index.php(69): CodeIgniter\CodeIgniter->run()
INFO - 2024-02-19 00:02:45 --> Session: Class initialized using 'CodeIgniter\Session\Handlers\FileHandler' driver.
WARNING - 2024-02-19 00:20:58 --> [DEPRECATED] Creation of dynamic property App\Controllers\Admin\Dashboard::$pelanggan is deprecated in APPPATH\Controllers\Admin\Dashboard.php on line 15.
 1 SYSTEMPATH\CodeIgniter.php(906): App\Controllers\Admin\Dashboard->__construct()
 2 SYSTEMPATH\CodeIgniter.php(490): CodeIgniter\CodeIgniter->createController()
 3 SYSTEMPATH\CodeIgniter.php(368): CodeIgniter\CodeIgniter->handleRequest(null, Object(Config\Cache), false)
 4 FCPATH\index.php(69): CodeIgniter\CodeIgniter->run()
WARNING - 2024-02-19 00:20:58 --> [DEPRECATED] Creation of dynamic property App\Controllers\Admin\Dashboard::$produk is deprecated in APPPATH\Controllers\Admin\Dashboard.php on line 16.
 1 SYSTEMPATH\CodeIgniter.php(906): App\Controllers\Admin\Dashboard->__construct()
 2 SYSTEMPATH\CodeIgniter.php(490): CodeIgniter\CodeIgniter->createController()
 3 SYSTEMPATH\CodeIgniter.php(368): CodeIgniter\CodeIgniter->handleRequest(null, Object(Config\Cache), false)
 4 FCPATH\index.php(69): CodeIgniter\CodeIgniter->run()
WARNING - 2024-02-19 00:20:58 --> [DEPRECATED] Creation of dynamic property App\Controllers\Admin\Dashboard::$transaksi is deprecated in APPPATH\Controllers\Admin\Dashboard.php on line 17.
 1 SYSTEMPATH\CodeIgniter.php(906): App\Controllers\Admin\Dashboard->__construct()
 2 SYSTEMPATH\CodeIgniter.php(490): CodeIgniter\CodeIgniter->createController()
 3 SYSTEMPATH\CodeIgniter.php(368): CodeIgniter\CodeIgniter->handleRequest(null, Object(Config\Cache), false)
 4 FCPATH\index.php(69): CodeIgniter\CodeIgniter->run()
WARNING - 2024-02-19 00:20:58 --> [DEPRECATED] Creation of dynamic property App\Controllers\Admin\Dashboard::$user is deprecated in APPPATH\Controllers\Admin\Dashboard.php on line 18.
 1 SYSTEMPATH\CodeIgniter.php(906): App\Controllers\Admin\Dashboard->__construct()
 2 SYSTEMPATH\CodeIgniter.php(490): CodeIgniter\CodeIgniter->createController()
 3 SYSTEMPATH\CodeIgniter.php(368): CodeIgniter\CodeIgniter->handleRequest(null, Object(Config\Cache), false)
 4 FCPATH\index.php(69): CodeIgniter\CodeIgniter->run()
INFO - 2024-02-19 00:20:58 --> Session: Class initialized using 'CodeIgniter\Session\Handlers\FileHandler' driver.
WARNING - 2024-02-19 00:22:34 --> [DEPRECATED] Creation of dynamic property App\Controllers\Admin\Pelanggan::$pelanggan is deprecated in APPPATH\Controllers\Admin\Pelanggan.php on line 12.
 1 SYSTEMPATH\CodeIgniter.php(906): App\Controllers\Admin\Pelanggan->__construct()
 2 SYSTEMPATH\CodeIgniter.php(490): CodeIgniter\CodeIgniter->createController()
 3 SYSTEMPATH\CodeIgniter.php(368): CodeIgniter\CodeIgniter->handleRequest(null, Object(Config\Cache), false)
 4 FCPATH\index.php(69): CodeIgniter\CodeIgniter->run()
INFO - 2024-02-19 00:22:34 --> Session: Class initialized using 'CodeIgniter\Session\Handlers\FileHandler' driver.
