INFO - 2024-02-18 23:44:54 --> Session: Class initialized using 'CodeIgniter\Session\Handlers\FileHandler' driver.
INFO - 2024-02-18 23:56:13 --> Session: Class initialized using 'CodeIgniter\Session\Handlers\FileHandler' driver.
WARNING - 2024-02-18 23:56:18 --> [DEPRECATED] Creation of dynamic property App\Controllers\Auth::$user is deprecated in APPPATH\Controllers\Auth.php on line 13.
 1 SYSTEMPATH\CodeIgniter.php(906): App\Controllers\Auth->__construct()
 2 SYSTEMPATH\CodeIgniter.php(490): CodeIgniter\CodeIgniter->createController()
 3 SYSTEMPATH\CodeIgniter.php(368): CodeIgniter\CodeIgniter->handleRequest(null, Object(Config\Cache), false)
 4 FCPATH\index.php(69): CodeIgniter\CodeIgniter->run()
INFO - 2024-02-18 23:56:18 --> Session: Class initialized using 'CodeIgniter\Session\Handlers\FileHandler' driver.
WARNING - 2024-02-18 23:56:18 --> [DEPRECATED] Creation of dynamic property App\Controllers\Admin\Dashboard::$pelanggan is deprecated in APPPATH\Controllers\Admin\Dashboard.php on line 15.
 1 SYSTEMPATH\CodeIgniter.php(906): App\Controllers\Admin\Dashboard->__construct()
 2 SYSTEMPATH\CodeIgniter.php(490): CodeIgniter\CodeIgniter->createController()
 3 SYSTEMPATH\CodeIgniter.php(368): CodeIgniter\CodeIgniter->handleRequest(null, Object(Config\Cache), false)
 4 FCPATH\index.php(69): CodeIgniter\CodeIgniter->run()
WARNING - 2024-02-18 23:56:18 --> [DEPRECATED] Creation of dynamic property App\Controllers\Admin\Dashboard::$produk is deprecated in APPPATH\Controllers\Admin\Dashboard.php on line 16.
 1 SYSTEMPATH\CodeIgniter.php(906): App\Controllers\Admin\Dashboard->__construct()
 2 SYSTEMPATH\CodeIgniter.php(490): CodeIgniter\CodeIgniter->createController()
 3 SYSTEMPATH\CodeIgniter.php(368): CodeIgniter\CodeIgniter->handleRequest(null, Object(Config\Cache), false)
 4 FCPATH\index.php(69): CodeIgniter\CodeIgniter->run()
WARNING - 2024-02-18 23:56:18 --> [DEPRECATED] Creation of dynamic property App\Controllers\Admin\Dashboard::$transaksi is deprecated in APPPATH\Controllers\Admin\Dashboard.php on line 17.
 1 SYSTEMPATH\CodeIgniter.php(906): App\Controllers\Admin\Dashboard->__construct()
 2 SYSTEMPATH\CodeIgniter.php(490): CodeIgniter\CodeIgniter->createController()
 3 SYSTEMPATH\CodeIgniter.php(368): CodeIgniter\CodeIgniter->handleRequest(null, Object(Config\Cache), false)
 4 FCPATH\index.php(69): CodeIgniter\CodeIgniter->run()
WARNING - 2024-02-18 23:56:18 --> [DEPRECATED] Creation of dynamic property App\Controllers\Admin\Dashboard::$user is deprecated in APPPATH\Controllers\Admin\Dashboard.php on line 18.
 1 SYSTEMPATH\CodeIgniter.php(906): App\Controllers\Admin\Dashboard->__construct()
 2 SYSTEMPATH\CodeIgniter.php(490): CodeIgniter\CodeIgniter->createController()
 3 SYSTEMPATH\CodeIgniter.php(368): CodeIgniter\CodeIgniter->handleRequest(null, Object(Config\Cache), false)
 4 FCPATH\index.php(69): CodeIgniter\CodeIgniter->run()
INFO - 2024-02-18 23:56:18 --> Session: Class initialized using 'CodeIgniter\Session\Handlers\FileHandler' driver.
INFO - 2024-02-18 23:57:25 --> Session: Class initialized using 'CodeIgniter\Session\Handlers\FileHandler' driver.
