INFO - 2024-02-17 01:22:56 --> Session: Class initialized using 'CodeIgniter\Session\Handlers\FileHandler' driver.
INFO - 2024-02-17 01:24:10 --> Session: Class initialized using 'CodeIgniter\Session\Handlers\FileHandler' driver.
WARNING - 2024-02-17 01:24:16 --> [DEPRECATED] Creation of dynamic property App\Controllers\Auth::$user is deprecated in APPPATH\Controllers\Auth.php on line 13.
 1 SYSTEMPATH\CodeIgniter.php(906): App\Controllers\Auth->__construct()
 2 SYSTEMPATH\CodeIgniter.php(490): CodeIgniter\CodeIgniter->createController()
 3 SYSTEMPATH\CodeIgniter.php(368): CodeIgniter\CodeIgniter->handleRequest(null, Object(Config\Cache), false)
 4 FCPATH\index.php(67): CodeIgniter\CodeIgniter->run()
INFO - 2024-02-17 01:24:16 --> Session: Class initialized using 'CodeIgniter\Session\Handlers\FileHandler' driver.
WARNING - 2024-02-17 01:24:16 --> [DEPRECATED] Creation of dynamic property App\Controllers\Admin\Dashboard::$pelanggan is deprecated in APPPATH\Controllers\Admin\Dashboard.php on line 15.
 1 SYSTEMPATH\CodeIgniter.php(906): App\Controllers\Admin\Dashboard->__construct()
 2 SYSTEMPATH\CodeIgniter.php(490): CodeIgniter\CodeIgniter->createController()
 3 SYSTEMPATH\CodeIgniter.php(368): CodeIgniter\CodeIgniter->handleRequest(null, Object(Config\Cache), false)
 4 FCPATH\index.php(67): CodeIgniter\CodeIgniter->run()
WARNING - 2024-02-17 01:24:16 --> [DEPRECATED] Creation of dynamic property App\Controllers\Admin\Dashboard::$produk is deprecated in APPPATH\Controllers\Admin\Dashboard.php on line 16.
 1 SYSTEMPATH\CodeIgniter.php(906): App\Controllers\Admin\Dashboard->__construct()
 2 SYSTEMPATH\CodeIgniter.php(490): CodeIgniter\CodeIgniter->createController()
 3 SYSTEMPATH\CodeIgniter.php(368): CodeIgniter\CodeIgniter->handleRequest(null, Object(Config\Cache), false)
 4 FCPATH\index.php(67): CodeIgniter\CodeIgniter->run()
WARNING - 2024-02-17 01:24:16 --> [DEPRECATED] Creation of dynamic property App\Controllers\Admin\Dashboard::$transaksi is deprecated in APPPATH\Controllers\Admin\Dashboard.php on line 17.
 1 SYSTEMPATH\CodeIgniter.php(906): App\Controllers\Admin\Dashboard->__construct()
 2 SYSTEMPATH\CodeIgniter.php(490): CodeIgniter\CodeIgniter->createController()
 3 SYSTEMPATH\CodeIgniter.php(368): CodeIgniter\CodeIgniter->handleRequest(null, Object(Config\Cache), false)
 4 FCPATH\index.php(67): CodeIgniter\CodeIgniter->run()
WARNING - 2024-02-17 01:24:16 --> [DEPRECATED] Creation of dynamic property App\Controllers\Admin\Dashboard::$user is deprecated in APPPATH\Controllers\Admin\Dashboard.php on line 18.
 1 SYSTEMPATH\CodeIgniter.php(906): App\Controllers\Admin\Dashboard->__construct()
 2 SYSTEMPATH\CodeIgniter.php(490): CodeIgniter\CodeIgniter->createController()
 3 SYSTEMPATH\CodeIgniter.php(368): CodeIgniter\CodeIgniter->handleRequest(null, Object(Config\Cache), false)
 4 FCPATH\index.php(67): CodeIgniter\CodeIgniter->run()
INFO - 2024-02-17 01:24:16 --> Session: Class initialized using 'CodeIgniter\Session\Handlers\FileHandler' driver.
WARNING - 2024-02-17 01:24:18 --> [DEPRECATED] Creation of dynamic property App\Controllers\Admin\Dashboard::$pelanggan is deprecated in APPPATH\Controllers\Admin\Dashboard.php on line 15.
 1 SYSTEMPATH\CodeIgniter.php(906): App\Controllers\Admin\Dashboard->__construct()
 2 SYSTEMPATH\CodeIgniter.php(490): CodeIgniter\CodeIgniter->createController()
 3 SYSTEMPATH\CodeIgniter.php(368): CodeIgniter\CodeIgniter->handleRequest(null, Object(Config\Cache), false)
 4 FCPATH\index.php(67): CodeIgniter\CodeIgniter->run()
WARNING - 2024-02-17 01:24:18 --> [DEPRECATED] Creation of dynamic property App\Controllers\Admin\Dashboard::$produk is deprecated in APPPATH\Controllers\Admin\Dashboard.php on line 16.
 1 SYSTEMPATH\CodeIgniter.php(906): App\Controllers\Admin\Dashboard->__construct()
 2 SYSTEMPATH\CodeIgniter.php(490): CodeIgniter\CodeIgniter->createController()
 3 SYSTEMPATH\CodeIgniter.php(368): CodeIgniter\CodeIgniter->handleRequest(null, Object(Config\Cache), false)
 4 FCPATH\index.php(67): CodeIgniter\CodeIgniter->run()
WARNING - 2024-02-17 01:24:18 --> [DEPRECATED] Creation of dynamic property App\Controllers\Admin\Dashboard::$transaksi is deprecated in APPPATH\Controllers\Admin\Dashboard.php on line 17.
 1 SYSTEMPATH\CodeIgniter.php(906): App\Controllers\Admin\Dashboard->__construct()
 2 SYSTEMPATH\CodeIgniter.php(490): CodeIgniter\CodeIgniter->createController()
 3 SYSTEMPATH\CodeIgniter.php(368): CodeIgniter\CodeIgniter->handleRequest(null, Object(Config\Cache), false)
 4 FCPATH\index.php(67): CodeIgniter\CodeIgniter->run()
WARNING - 2024-02-17 01:24:18 --> [DEPRECATED] Creation of dynamic property App\Controllers\Admin\Dashboard::$user is deprecated in APPPATH\Controllers\Admin\Dashboard.php on line 18.
 1 SYSTEMPATH\CodeIgniter.php(906): App\Controllers\Admin\Dashboard->__construct()
 2 SYSTEMPATH\CodeIgniter.php(490): CodeIgniter\CodeIgniter->createController()
 3 SYSTEMPATH\CodeIgniter.php(368): CodeIgniter\CodeIgniter->handleRequest(null, Object(Config\Cache), false)
 4 FCPATH\index.php(67): CodeIgniter\CodeIgniter->run()
INFO - 2024-02-17 01:24:18 --> Session: Class initialized using 'CodeIgniter\Session\Handlers\FileHandler' driver.
WARNING - 2024-02-17 01:24:20 --> [DEPRECATED] Creation of dynamic property App\Controllers\Admin\Pelanggan::$pelanggan is deprecated in APPPATH\Controllers\Admin\Pelanggan.php on line 12.
 1 SYSTEMPATH\CodeIgniter.php(906): App\Controllers\Admin\Pelanggan->__construct()
 2 SYSTEMPATH\CodeIgniter.php(490): CodeIgniter\CodeIgniter->createController()
 3 SYSTEMPATH\CodeIgniter.php(368): CodeIgniter\CodeIgniter->handleRequest(null, Object(Config\Cache), false)
 4 FCPATH\index.php(67): CodeIgniter\CodeIgniter->run()
INFO - 2024-02-17 01:24:20 --> Session: Class initialized using 'CodeIgniter\Session\Handlers\FileHandler' driver.
WARNING - 2024-02-17 01:24:22 --> [DEPRECATED] Creation of dynamic property App\Controllers\Admin\User::$user is deprecated in APPPATH\Controllers\Admin\User.php on line 12.
 1 SYSTEMPATH\CodeIgniter.php(906): App\Controllers\Admin\User->__construct()
 2 SYSTEMPATH\CodeIgniter.php(490): CodeIgniter\CodeIgniter->createController()
 3 SYSTEMPATH\CodeIgniter.php(368): CodeIgniter\CodeIgniter->handleRequest(null, Object(Config\Cache), false)
 4 FCPATH\index.php(67): CodeIgniter\CodeIgniter->run()
INFO - 2024-02-17 01:24:22 --> Session: Class initialized using 'CodeIgniter\Session\Handlers\FileHandler' driver.
WARNING - 2024-02-17 01:24:23 --> [DEPRECATED] Creation of dynamic property App\Controllers\Admin\Transaksi::$pelanggan is deprecated in APPPATH\Controllers\Admin\Transaksi.php on line 14.
 1 SYSTEMPATH\CodeIgniter.php(906): App\Controllers\Admin\Transaksi->__construct()
 2 SYSTEMPATH\CodeIgniter.php(490): CodeIgniter\CodeIgniter->createController()
 3 SYSTEMPATH\CodeIgniter.php(368): CodeIgniter\CodeIgniter->handleRequest(null, Object(Config\Cache), false)
 4 FCPATH\index.php(67): CodeIgniter\CodeIgniter->run()
WARNING - 2024-02-17 01:24:23 --> [DEPRECATED] Creation of dynamic property App\Controllers\Admin\Transaksi::$produk is deprecated in APPPATH\Controllers\Admin\Transaksi.php on line 15.
 1 SYSTEMPATH\CodeIgniter.php(906): App\Controllers\Admin\Transaksi->__construct()
 2 SYSTEMPATH\CodeIgniter.php(490): CodeIgniter\CodeIgniter->createController()
 3 SYSTEMPATH\CodeIgniter.php(368): CodeIgniter\CodeIgniter->handleRequest(null, Object(Config\Cache), false)
 4 FCPATH\index.php(67): CodeIgniter\CodeIgniter->run()
WARNING - 2024-02-17 01:24:23 --> [DEPRECATED] Creation of dynamic property App\Controllers\Admin\Transaksi::$transaksi is deprecated in APPPATH\Controllers\Admin\Transaksi.php on line 16.
 1 SYSTEMPATH\CodeIgniter.php(906): App\Controllers\Admin\Transaksi->__construct()
 2 SYSTEMPATH\CodeIgniter.php(490): CodeIgniter\CodeIgniter->createController()
 3 SYSTEMPATH\CodeIgniter.php(368): CodeIgniter\CodeIgniter->handleRequest(null, Object(Config\Cache), false)
 4 FCPATH\index.php(67): CodeIgniter\CodeIgniter->run()
INFO - 2024-02-17 01:24:24 --> Session: Class initialized using 'CodeIgniter\Session\Handlers\FileHandler' driver.
WARNING - 2024-02-17 01:24:25 --> [DEPRECATED] Creation of dynamic property App\Controllers\Admin\Laporan::$transaksi is deprecated in APPPATH\Controllers\Admin\Laporan.php on line 13.
 1 SYSTEMPATH\CodeIgniter.php(906): App\Controllers\Admin\Laporan->__construct()
 2 SYSTEMPATH\CodeIgniter.php(490): CodeIgniter\CodeIgniter->createController()
 3 SYSTEMPATH\CodeIgniter.php(368): CodeIgniter\CodeIgniter->handleRequest(null, Object(Config\Cache), false)
 4 FCPATH\index.php(67): CodeIgniter\CodeIgniter->run()
INFO - 2024-02-17 01:24:25 --> Session: Class initialized using 'CodeIgniter\Session\Handlers\FileHandler' driver.
WARNING - 2024-02-17 01:24:26 --> [DEPRECATED] Creation of dynamic property App\Controllers\Auth::$user is deprecated in APPPATH\Controllers\Auth.php on line 13.
 1 SYSTEMPATH\CodeIgniter.php(906): App\Controllers\Auth->__construct()
 2 SYSTEMPATH\CodeIgniter.php(490): CodeIgniter\CodeIgniter->createController()
 3 SYSTEMPATH\CodeIgniter.php(368): CodeIgniter\CodeIgniter->handleRequest(null, Object(Config\Cache), false)
 4 FCPATH\index.php(67): CodeIgniter\CodeIgniter->run()
INFO - 2024-02-17 01:24:26 --> Session: Class initialized using 'CodeIgniter\Session\Handlers\FileHandler' driver.
WARNING - 2024-02-17 01:24:26 --> [DEPRECATED] Creation of dynamic property App\Controllers\Auth::$user is deprecated in APPPATH\Controllers\Auth.php on line 13.
 1 SYSTEMPATH\CodeIgniter.php(906): App\Controllers\Auth->__construct()
 2 SYSTEMPATH\CodeIgniter.php(490): CodeIgniter\CodeIgniter->createController()
 3 SYSTEMPATH\CodeIgniter.php(368): CodeIgniter\CodeIgniter->handleRequest(null, Object(Config\Cache), false)
 4 FCPATH\index.php(67): CodeIgniter\CodeIgniter->run()
INFO - 2024-02-17 01:24:26 --> Session: Class initialized using 'CodeIgniter\Session\Handlers\FileHandler' driver.
WARNING - 2024-02-17 01:24:34 --> [DEPRECATED] Creation of dynamic property App\Controllers\Auth::$user is deprecated in APPPATH\Controllers\Auth.php on line 13.
 1 SYSTEMPATH\CodeIgniter.php(906): App\Controllers\Auth->__construct()
 2 SYSTEMPATH\CodeIgniter.php(490): CodeIgniter\CodeIgniter->createController()
 3 SYSTEMPATH\CodeIgniter.php(368): CodeIgniter\CodeIgniter->handleRequest(null, Object(Config\Cache), false)
 4 FCPATH\index.php(67): CodeIgniter\CodeIgniter->run()
INFO - 2024-02-17 01:24:34 --> Session: Class initialized using 'CodeIgniter\Session\Handlers\FileHandler' driver.
WARNING - 2024-02-17 01:24:34 --> [DEPRECATED] Creation of dynamic property App\Controllers\Petugas\Dashboard::$transaksi is deprecated in APPPATH\Controllers\Petugas\Dashboard.php on line 13.
 1 SYSTEMPATH\CodeIgniter.php(906): App\Controllers\Petugas\Dashboard->__construct()
 2 SYSTEMPATH\CodeIgniter.php(490): CodeIgniter\CodeIgniter->createController()
 3 SYSTEMPATH\CodeIgniter.php(368): CodeIgniter\CodeIgniter->handleRequest(null, Object(Config\Cache), false)
 4 FCPATH\index.php(67): CodeIgniter\CodeIgniter->run()
INFO - 2024-02-17 01:24:34 --> Session: Class initialized using 'CodeIgniter\Session\Handlers\FileHandler' driver.
WARNING - 2024-02-17 01:31:46 --> [DEPRECATED] Creation of dynamic property App\Controllers\Auth::$user is deprecated in APPPATH\Controllers\Auth.php on line 13.
 1 SYSTEMPATH\CodeIgniter.php(906): App\Controllers\Auth->__construct()
 2 SYSTEMPATH\CodeIgniter.php(490): CodeIgniter\CodeIgniter->createController()
 3 SYSTEMPATH\CodeIgniter.php(368): CodeIgniter\CodeIgniter->handleRequest(null, Object(Config\Cache), false)
 4 FCPATH\index.php(67): CodeIgniter\CodeIgniter->run()
INFO - 2024-02-17 01:31:46 --> Session: Class initialized using 'CodeIgniter\Session\Handlers\FileHandler' driver.
WARNING - 2024-02-17 01:31:46 --> [DEPRECATED] Creation of dynamic property App\Controllers\Auth::$user is deprecated in APPPATH\Controllers\Auth.php on line 13.
 1 SYSTEMPATH\CodeIgniter.php(906): App\Controllers\Auth->__construct()
 2 SYSTEMPATH\CodeIgniter.php(490): CodeIgniter\CodeIgniter->createController()
 3 SYSTEMPATH\CodeIgniter.php(368): CodeIgniter\CodeIgniter->handleRequest(null, Object(Config\Cache), false)
 4 FCPATH\index.php(67): CodeIgniter\CodeIgniter->run()
INFO - 2024-02-17 01:31:46 --> Session: Class initialized using 'CodeIgniter\Session\Handlers\FileHandler' driver.
WARNING - 2024-02-17 01:31:53 --> [DEPRECATED] Creation of dynamic property App\Controllers\Auth::$user is deprecated in APPPATH\Controllers\Auth.php on line 13.
 1 SYSTEMPATH\CodeIgniter.php(906): App\Controllers\Auth->__construct()
 2 SYSTEMPATH\CodeIgniter.php(490): CodeIgniter\CodeIgniter->createController()
 3 SYSTEMPATH\CodeIgniter.php(368): CodeIgniter\CodeIgniter->handleRequest(null, Object(Config\Cache), false)
 4 FCPATH\index.php(67): CodeIgniter\CodeIgniter->run()
INFO - 2024-02-17 01:31:53 --> Session: Class initialized using 'CodeIgniter\Session\Handlers\FileHandler' driver.
WARNING - 2024-02-17 01:31:53 --> [DEPRECATED] Creation of dynamic property App\Controllers\Admin\Dashboard::$pelanggan is deprecated in APPPATH\Controllers\Admin\Dashboard.php on line 15.
 1 SYSTEMPATH\CodeIgniter.php(906): App\Controllers\Admin\Dashboard->__construct()
 2 SYSTEMPATH\CodeIgniter.php(490): CodeIgniter\CodeIgniter->createController()
 3 SYSTEMPATH\CodeIgniter.php(368): CodeIgniter\CodeIgniter->handleRequest(null, Object(Config\Cache), false)
 4 FCPATH\index.php(67): CodeIgniter\CodeIgniter->run()
WARNING - 2024-02-17 01:31:53 --> [DEPRECATED] Creation of dynamic property App\Controllers\Admin\Dashboard::$produk is deprecated in APPPATH\Controllers\Admin\Dashboard.php on line 16.
 1 SYSTEMPATH\CodeIgniter.php(906): App\Controllers\Admin\Dashboard->__construct()
 2 SYSTEMPATH\CodeIgniter.php(490): CodeIgniter\CodeIgniter->createController()
 3 SYSTEMPATH\CodeIgniter.php(368): CodeIgniter\CodeIgniter->handleRequest(null, Object(Config\Cache), false)
 4 FCPATH\index.php(67): CodeIgniter\CodeIgniter->run()
WARNING - 2024-02-17 01:31:53 --> [DEPRECATED] Creation of dynamic property App\Controllers\Admin\Dashboard::$transaksi is deprecated in APPPATH\Controllers\Admin\Dashboard.php on line 17.
 1 SYSTEMPATH\CodeIgniter.php(906): App\Controllers\Admin\Dashboard->__construct()
 2 SYSTEMPATH\CodeIgniter.php(490): CodeIgniter\CodeIgniter->createController()
 3 SYSTEMPATH\CodeIgniter.php(368): CodeIgniter\CodeIgniter->handleRequest(null, Object(Config\Cache), false)
 4 FCPATH\index.php(67): CodeIgniter\CodeIgniter->run()
WARNING - 2024-02-17 01:31:53 --> [DEPRECATED] Creation of dynamic property App\Controllers\Admin\Dashboard::$user is deprecated in APPPATH\Controllers\Admin\Dashboard.php on line 18.
 1 SYSTEMPATH\CodeIgniter.php(906): App\Controllers\Admin\Dashboard->__construct()
 2 SYSTEMPATH\CodeIgniter.php(490): CodeIgniter\CodeIgniter->createController()
 3 SYSTEMPATH\CodeIgniter.php(368): CodeIgniter\CodeIgniter->handleRequest(null, Object(Config\Cache), false)
 4 FCPATH\index.php(67): CodeIgniter\CodeIgniter->run()
INFO - 2024-02-17 01:31:53 --> Session: Class initialized using 'CodeIgniter\Session\Handlers\FileHandler' driver.
WARNING - 2024-02-17 01:31:57 --> [DEPRECATED] Creation of dynamic property App\Controllers\Admin\Transaksi::$pelanggan is deprecated in APPPATH\Controllers\Admin\Transaksi.php on line 14.
 1 SYSTEMPATH\CodeIgniter.php(906): App\Controllers\Admin\Transaksi->__construct()
 2 SYSTEMPATH\CodeIgniter.php(490): CodeIgniter\CodeIgniter->createController()
 3 SYSTEMPATH\CodeIgniter.php(368): CodeIgniter\CodeIgniter->handleRequest(null, Object(Config\Cache), false)
 4 FCPATH\index.php(67): CodeIgniter\CodeIgniter->run()
WARNING - 2024-02-17 01:31:57 --> [DEPRECATED] Creation of dynamic property App\Controllers\Admin\Transaksi::$produk is deprecated in APPPATH\Controllers\Admin\Transaksi.php on line 15.
 1 SYSTEMPATH\CodeIgniter.php(906): App\Controllers\Admin\Transaksi->__construct()
 2 SYSTEMPATH\CodeIgniter.php(490): CodeIgniter\CodeIgniter->createController()
 3 SYSTEMPATH\CodeIgniter.php(368): CodeIgniter\CodeIgniter->handleRequest(null, Object(Config\Cache), false)
 4 FCPATH\index.php(67): CodeIgniter\CodeIgniter->run()
WARNING - 2024-02-17 01:31:57 --> [DEPRECATED] Creation of dynamic property App\Controllers\Admin\Transaksi::$transaksi is deprecated in APPPATH\Controllers\Admin\Transaksi.php on line 16.
 1 SYSTEMPATH\CodeIgniter.php(906): App\Controllers\Admin\Transaksi->__construct()
 2 SYSTEMPATH\CodeIgniter.php(490): CodeIgniter\CodeIgniter->createController()
 3 SYSTEMPATH\CodeIgniter.php(368): CodeIgniter\CodeIgniter->handleRequest(null, Object(Config\Cache), false)
 4 FCPATH\index.php(67): CodeIgniter\CodeIgniter->run()
INFO - 2024-02-17 01:31:57 --> Session: Class initialized using 'CodeIgniter\Session\Handlers\FileHandler' driver.
WARNING - 2024-02-17 01:32:16 --> [DEPRECATED] Creation of dynamic property App\Controllers\Admin\Dashboard::$pelanggan is deprecated in APPPATH\Controllers\Admin\Dashboard.php on line 15.
 1 SYSTEMPATH\CodeIgniter.php(906): App\Controllers\Admin\Dashboard->__construct()
 2 SYSTEMPATH\CodeIgniter.php(490): CodeIgniter\CodeIgniter->createController()
 3 SYSTEMPATH\CodeIgniter.php(368): CodeIgniter\CodeIgniter->handleRequest(null, Object(Config\Cache), false)
 4 FCPATH\index.php(67): CodeIgniter\CodeIgniter->run()
WARNING - 2024-02-17 01:32:16 --> [DEPRECATED] Creation of dynamic property App\Controllers\Admin\Dashboard::$produk is deprecated in APPPATH\Controllers\Admin\Dashboard.php on line 16.
 1 SYSTEMPATH\CodeIgniter.php(906): App\Controllers\Admin\Dashboard->__construct()
 2 SYSTEMPATH\CodeIgniter.php(490): CodeIgniter\CodeIgniter->createController()
 3 SYSTEMPATH\CodeIgniter.php(368): CodeIgniter\CodeIgniter->handleRequest(null, Object(Config\Cache), false)
 4 FCPATH\index.php(67): CodeIgniter\CodeIgniter->run()
WARNING - 2024-02-17 01:32:16 --> [DEPRECATED] Creation of dynamic property App\Controllers\Admin\Dashboard::$transaksi is deprecated in APPPATH\Controllers\Admin\Dashboard.php on line 17.
 1 SYSTEMPATH\CodeIgniter.php(906): App\Controllers\Admin\Dashboard->__construct()
 2 SYSTEMPATH\CodeIgniter.php(490): CodeIgniter\CodeIgniter->createController()
 3 SYSTEMPATH\CodeIgniter.php(368): CodeIgniter\CodeIgniter->handleRequest(null, Object(Config\Cache), false)
 4 FCPATH\index.php(67): CodeIgniter\CodeIgniter->run()
WARNING - 2024-02-17 01:32:16 --> [DEPRECATED] Creation of dynamic property App\Controllers\Admin\Dashboard::$user is deprecated in APPPATH\Controllers\Admin\Dashboard.php on line 18.
 1 SYSTEMPATH\CodeIgniter.php(906): App\Controllers\Admin\Dashboard->__construct()
 2 SYSTEMPATH\CodeIgniter.php(490): CodeIgniter\CodeIgniter->createController()
 3 SYSTEMPATH\CodeIgniter.php(368): CodeIgniter\CodeIgniter->handleRequest(null, Object(Config\Cache), false)
 4 FCPATH\index.php(67): CodeIgniter\CodeIgniter->run()
INFO - 2024-02-17 01:32:16 --> Session: Class initialized using 'CodeIgniter\Session\Handlers\FileHandler' driver.
WARNING - 2024-02-17 01:32:21 --> [DEPRECATED] Creation of dynamic property App\Controllers\Admin\Pelanggan::$pelanggan is deprecated in APPPATH\Controllers\Admin\Pelanggan.php on line 12.
 1 SYSTEMPATH\CodeIgniter.php(906): App\Controllers\Admin\Pelanggan->__construct()
 2 SYSTEMPATH\CodeIgniter.php(490): CodeIgniter\CodeIgniter->createController()
 3 SYSTEMPATH\CodeIgniter.php(368): CodeIgniter\CodeIgniter->handleRequest(null, Object(Config\Cache), false)
 4 FCPATH\index.php(67): CodeIgniter\CodeIgniter->run()
INFO - 2024-02-17 01:32:21 --> Session: Class initialized using 'CodeIgniter\Session\Handlers\FileHandler' driver.
INFO - 2024-02-17 01:44:44 --> Session: Class initialized using 'CodeIgniter\Session\Handlers\FileHandler' driver.
WARNING - 2024-02-17 01:44:52 --> [DEPRECATED] Creation of dynamic property App\Controllers\Auth::$user is deprecated in APPPATH\Controllers\Auth.php on line 13.
 1 SYSTEMPATH\CodeIgniter.php(906): App\Controllers\Auth->__construct()
 2 SYSTEMPATH\CodeIgniter.php(490): CodeIgniter\CodeIgniter->createController()
 3 SYSTEMPATH\CodeIgniter.php(368): CodeIgniter\CodeIgniter->handleRequest(null, Object(Config\Cache), false)
 4 FCPATH\index.php(67): CodeIgniter\CodeIgniter->run()
INFO - 2024-02-17 01:44:52 --> Session: Class initialized using 'CodeIgniter\Session\Handlers\FileHandler' driver.
WARNING - 2024-02-17 01:44:52 --> [DEPRECATED] Creation of dynamic property App\Controllers\Admin\Dashboard::$pelanggan is deprecated in APPPATH\Controllers\Admin\Dashboard.php on line 15.
 1 SYSTEMPATH\CodeIgniter.php(906): App\Controllers\Admin\Dashboard->__construct()
 2 SYSTEMPATH\CodeIgniter.php(490): CodeIgniter\CodeIgniter->createController()
 3 SYSTEMPATH\CodeIgniter.php(368): CodeIgniter\CodeIgniter->handleRequest(null, Object(Config\Cache), false)
 4 FCPATH\index.php(67): CodeIgniter\CodeIgniter->run()
WARNING - 2024-02-17 01:44:52 --> [DEPRECATED] Creation of dynamic property App\Controllers\Admin\Dashboard::$produk is deprecated in APPPATH\Controllers\Admin\Dashboard.php on line 16.
 1 SYSTEMPATH\CodeIgniter.php(906): App\Controllers\Admin\Dashboard->__construct()
 2 SYSTEMPATH\CodeIgniter.php(490): CodeIgniter\CodeIgniter->createController()
 3 SYSTEMPATH\CodeIgniter.php(368): CodeIgniter\CodeIgniter->handleRequest(null, Object(Config\Cache), false)
 4 FCPATH\index.php(67): CodeIgniter\CodeIgniter->run()
WARNING - 2024-02-17 01:44:52 --> [DEPRECATED] Creation of dynamic property App\Controllers\Admin\Dashboard::$transaksi is deprecated in APPPATH\Controllers\Admin\Dashboard.php on line 17.
 1 SYSTEMPATH\CodeIgniter.php(906): App\Controllers\Admin\Dashboard->__construct()
 2 SYSTEMPATH\CodeIgniter.php(490): CodeIgniter\CodeIgniter->createController()
 3 SYSTEMPATH\CodeIgniter.php(368): CodeIgniter\CodeIgniter->handleRequest(null, Object(Config\Cache), false)
 4 FCPATH\index.php(67): CodeIgniter\CodeIgniter->run()
WARNING - 2024-02-17 01:44:52 --> [DEPRECATED] Creation of dynamic property App\Controllers\Admin\Dashboard::$user is deprecated in APPPATH\Controllers\Admin\Dashboard.php on line 18.
 1 SYSTEMPATH\CodeIgniter.php(906): App\Controllers\Admin\Dashboard->__construct()
 2 SYSTEMPATH\CodeIgniter.php(490): CodeIgniter\CodeIgniter->createController()
 3 SYSTEMPATH\CodeIgniter.php(368): CodeIgniter\CodeIgniter->handleRequest(null, Object(Config\Cache), false)
 4 FCPATH\index.php(67): CodeIgniter\CodeIgniter->run()
INFO - 2024-02-17 01:44:52 --> Session: Class initialized using 'CodeIgniter\Session\Handlers\FileHandler' driver.
INFO - 2024-02-17 02:25:19 --> Session: Class initialized using 'CodeIgniter\Session\Handlers\FileHandler' driver.
INFO - 2024-02-17 02:27:49 --> Session: Class initialized using 'CodeIgniter\Session\Handlers\FileHandler' driver.
INFO - 2024-02-17 02:27:51 --> Session: Class initialized using 'CodeIgniter\Session\Handlers\FileHandler' driver.
WARNING - 2024-02-17 02:28:00 --> [DEPRECATED] Creation of dynamic property App\Controllers\Auth::$user is deprecated in APPPATH\Controllers\Auth.php on line 13.
 1 SYSTEMPATH\CodeIgniter.php(906): App\Controllers\Auth->__construct()
 2 SYSTEMPATH\CodeIgniter.php(490): CodeIgniter\CodeIgniter->createController()
 3 SYSTEMPATH\CodeIgniter.php(368): CodeIgniter\CodeIgniter->handleRequest(null, Object(Config\Cache), false)
 4 FCPATH\index.php(67): CodeIgniter\CodeIgniter->run()
INFO - 2024-02-17 02:28:00 --> Session: Class initialized using 'CodeIgniter\Session\Handlers\FileHandler' driver.
WARNING - 2024-02-17 02:28:00 --> [DEPRECATED] Creation of dynamic property App\Controllers\Admin\Dashboard::$pelanggan is deprecated in APPPATH\Controllers\Admin\Dashboard.php on line 15.
 1 SYSTEMPATH\CodeIgniter.php(906): App\Controllers\Admin\Dashboard->__construct()
 2 SYSTEMPATH\CodeIgniter.php(490): CodeIgniter\CodeIgniter->createController()
 3 SYSTEMPATH\CodeIgniter.php(368): CodeIgniter\CodeIgniter->handleRequest(null, Object(Config\Cache), false)
 4 FCPATH\index.php(67): CodeIgniter\CodeIgniter->run()
WARNING - 2024-02-17 02:28:00 --> [DEPRECATED] Creation of dynamic property App\Controllers\Admin\Dashboard::$produk is deprecated in APPPATH\Controllers\Admin\Dashboard.php on line 16.
 1 SYSTEMPATH\CodeIgniter.php(906): App\Controllers\Admin\Dashboard->__construct()
 2 SYSTEMPATH\CodeIgniter.php(490): CodeIgniter\CodeIgniter->createController()
 3 SYSTEMPATH\CodeIgniter.php(368): CodeIgniter\CodeIgniter->handleRequest(null, Object(Config\Cache), false)
 4 FCPATH\index.php(67): CodeIgniter\CodeIgniter->run()
WARNING - 2024-02-17 02:28:00 --> [DEPRECATED] Creation of dynamic property App\Controllers\Admin\Dashboard::$transaksi is deprecated in APPPATH\Controllers\Admin\Dashboard.php on line 17.
 1 SYSTEMPATH\CodeIgniter.php(906): App\Controllers\Admin\Dashboard->__construct()
 2 SYSTEMPATH\CodeIgniter.php(490): CodeIgniter\CodeIgniter->createController()
 3 SYSTEMPATH\CodeIgniter.php(368): CodeIgniter\CodeIgniter->handleRequest(null, Object(Config\Cache), false)
 4 FCPATH\index.php(67): CodeIgniter\CodeIgniter->run()
WARNING - 2024-02-17 02:28:00 --> [DEPRECATED] Creation of dynamic property App\Controllers\Admin\Dashboard::$user is deprecated in APPPATH\Controllers\Admin\Dashboard.php on line 18.
 1 SYSTEMPATH\CodeIgniter.php(906): App\Controllers\Admin\Dashboard->__construct()
 2 SYSTEMPATH\CodeIgniter.php(490): CodeIgniter\CodeIgniter->createController()
 3 SYSTEMPATH\CodeIgniter.php(368): CodeIgniter\CodeIgniter->handleRequest(null, Object(Config\Cache), false)
 4 FCPATH\index.php(67): CodeIgniter\CodeIgniter->run()
INFO - 2024-02-17 02:28:00 --> Session: Class initialized using 'CodeIgniter\Session\Handlers\FileHandler' driver.
INFO - 2024-02-17 02:28:03 --> Session: Class initialized using 'CodeIgniter\Session\Handlers\FileHandler' driver.
INFO - 2024-02-17 02:28:12 --> Session: Class initialized using 'CodeIgniter\Session\Handlers\FileHandler' driver.
INFO - 2024-02-17 02:28:13 --> Session: Class initialized using 'CodeIgniter\Session\Handlers\FileHandler' driver.
WARNING - 2024-02-17 02:28:21 --> [DEPRECATED] Creation of dynamic property App\Controllers\Auth::$user is deprecated in APPPATH\Controllers\Auth.php on line 13.
 1 SYSTEMPATH\CodeIgniter.php(906): App\Controllers\Auth->__construct()
 2 SYSTEMPATH\CodeIgniter.php(490): CodeIgniter\CodeIgniter->createController()
 3 SYSTEMPATH\CodeIgniter.php(368): CodeIgniter\CodeIgniter->handleRequest(null, Object(Config\Cache), false)
 4 FCPATH\index.php(67): CodeIgniter\CodeIgniter->run()
INFO - 2024-02-17 02:28:21 --> Session: Class initialized using 'CodeIgniter\Session\Handlers\FileHandler' driver.
WARNING - 2024-02-17 02:28:21 --> [DEPRECATED] Creation of dynamic property App\Controllers\Admin\Dashboard::$pelanggan is deprecated in APPPATH\Controllers\Admin\Dashboard.php on line 15.
 1 SYSTEMPATH\CodeIgniter.php(906): App\Controllers\Admin\Dashboard->__construct()
 2 SYSTEMPATH\CodeIgniter.php(490): CodeIgniter\CodeIgniter->createController()
 3 SYSTEMPATH\CodeIgniter.php(368): CodeIgniter\CodeIgniter->handleRequest(null, Object(Config\Cache), false)
 4 FCPATH\index.php(67): CodeIgniter\CodeIgniter->run()
WARNING - 2024-02-17 02:28:21 --> [DEPRECATED] Creation of dynamic property App\Controllers\Admin\Dashboard::$produk is deprecated in APPPATH\Controllers\Admin\Dashboard.php on line 16.
 1 SYSTEMPATH\CodeIgniter.php(906): App\Controllers\Admin\Dashboard->__construct()
 2 SYSTEMPATH\CodeIgniter.php(490): CodeIgniter\CodeIgniter->createController()
 3 SYSTEMPATH\CodeIgniter.php(368): CodeIgniter\CodeIgniter->handleRequest(null, Object(Config\Cache), false)
 4 FCPATH\index.php(67): CodeIgniter\CodeIgniter->run()
WARNING - 2024-02-17 02:28:21 --> [DEPRECATED] Creation of dynamic property App\Controllers\Admin\Dashboard::$transaksi is deprecated in APPPATH\Controllers\Admin\Dashboard.php on line 17.
 1 SYSTEMPATH\CodeIgniter.php(906): App\Controllers\Admin\Dashboard->__construct()
 2 SYSTEMPATH\CodeIgniter.php(490): CodeIgniter\CodeIgniter->createController()
 3 SYSTEMPATH\CodeIgniter.php(368): CodeIgniter\CodeIgniter->handleRequest(null, Object(Config\Cache), false)
 4 FCPATH\index.php(67): CodeIgniter\CodeIgniter->run()
WARNING - 2024-02-17 02:28:21 --> [DEPRECATED] Creation of dynamic property App\Controllers\Admin\Dashboard::$user is deprecated in APPPATH\Controllers\Admin\Dashboard.php on line 18.
 1 SYSTEMPATH\CodeIgniter.php(906): App\Controllers\Admin\Dashboard->__construct()
 2 SYSTEMPATH\CodeIgniter.php(490): CodeIgniter\CodeIgniter->createController()
 3 SYSTEMPATH\CodeIgniter.php(368): CodeIgniter\CodeIgniter->handleRequest(null, Object(Config\Cache), false)
 4 FCPATH\index.php(67): CodeIgniter\CodeIgniter->run()
INFO - 2024-02-17 02:28:21 --> Session: Class initialized using 'CodeIgniter\Session\Handlers\FileHandler' driver.
WARNING - 2024-02-17 02:31:52 --> [DEPRECATED] Creation of dynamic property App\Controllers\Admin\Dashboard::$pelanggan is deprecated in APPPATH\Controllers\Admin\Dashboard.php on line 15.
 1 SYSTEMPATH\CodeIgniter.php(906): App\Controllers\Admin\Dashboard->__construct()
 2 SYSTEMPATH\CodeIgniter.php(490): CodeIgniter\CodeIgniter->createController()
 3 SYSTEMPATH\CodeIgniter.php(368): CodeIgniter\CodeIgniter->handleRequest(null, Object(Config\Cache), false)
 4 FCPATH\index.php(67): CodeIgniter\CodeIgniter->run()
WARNING - 2024-02-17 02:31:52 --> [DEPRECATED] Creation of dynamic property App\Controllers\Admin\Dashboard::$produk is deprecated in APPPATH\Controllers\Admin\Dashboard.php on line 16.
 1 SYSTEMPATH\CodeIgniter.php(906): App\Controllers\Admin\Dashboard->__construct()
 2 SYSTEMPATH\CodeIgniter.php(490): CodeIgniter\CodeIgniter->createController()
 3 SYSTEMPATH\CodeIgniter.php(368): CodeIgniter\CodeIgniter->handleRequest(null, Object(Config\Cache), false)
 4 FCPATH\index.php(67): CodeIgniter\CodeIgniter->run()
WARNING - 2024-02-17 02:31:52 --> [DEPRECATED] Creation of dynamic property App\Controllers\Admin\Dashboard::$transaksi is deprecated in APPPATH\Controllers\Admin\Dashboard.php on line 17.
 1 SYSTEMPATH\CodeIgniter.php(906): App\Controllers\Admin\Dashboard->__construct()
 2 SYSTEMPATH\CodeIgniter.php(490): CodeIgniter\CodeIgniter->createController()
 3 SYSTEMPATH\CodeIgniter.php(368): CodeIgniter\CodeIgniter->handleRequest(null, Object(Config\Cache), false)
 4 FCPATH\index.php(67): CodeIgniter\CodeIgniter->run()
WARNING - 2024-02-17 02:31:52 --> [DEPRECATED] Creation of dynamic property App\Controllers\Admin\Dashboard::$user is deprecated in APPPATH\Controllers\Admin\Dashboard.php on line 18.
 1 SYSTEMPATH\CodeIgniter.php(906): App\Controllers\Admin\Dashboard->__construct()
 2 SYSTEMPATH\CodeIgniter.php(490): CodeIgniter\CodeIgniter->createController()
 3 SYSTEMPATH\CodeIgniter.php(368): CodeIgniter\CodeIgniter->handleRequest(null, Object(Config\Cache), false)
 4 FCPATH\index.php(67): CodeIgniter\CodeIgniter->run()
INFO - 2024-02-17 02:31:52 --> Session: Class initialized using 'CodeIgniter\Session\Handlers\FileHandler' driver.
WARNING - 2024-02-17 02:31:53 --> [DEPRECATED] Creation of dynamic property App\Controllers\Auth::$user is deprecated in APPPATH\Controllers\Auth.php on line 13.
 1 SYSTEMPATH\CodeIgniter.php(906): App\Controllers\Auth->__construct()
 2 SYSTEMPATH\CodeIgniter.php(490): CodeIgniter\CodeIgniter->createController()
 3 SYSTEMPATH\CodeIgniter.php(368): CodeIgniter\CodeIgniter->handleRequest(null, Object(Config\Cache), false)
 4 FCPATH\index.php(67): CodeIgniter\CodeIgniter->run()
INFO - 2024-02-17 02:31:53 --> Session: Class initialized using 'CodeIgniter\Session\Handlers\FileHandler' driver.
WARNING - 2024-02-17 02:31:53 --> [DEPRECATED] Creation of dynamic property App\Controllers\Auth::$user is deprecated in APPPATH\Controllers\Auth.php on line 13.
 1 SYSTEMPATH\CodeIgniter.php(906): App\Controllers\Auth->__construct()
 2 SYSTEMPATH\CodeIgniter.php(490): CodeIgniter\CodeIgniter->createController()
 3 SYSTEMPATH\CodeIgniter.php(368): CodeIgniter\CodeIgniter->handleRequest(null, Object(Config\Cache), false)
 4 FCPATH\index.php(67): CodeIgniter\CodeIgniter->run()
INFO - 2024-02-17 02:31:53 --> Session: Class initialized using 'CodeIgniter\Session\Handlers\FileHandler' driver.
INFO - 2024-02-17 02:31:55 --> Session: Class initialized using 'CodeIgniter\Session\Handlers\FileHandler' driver.
WARNING - 2024-02-17 02:32:00 --> [DEPRECATED] Creation of dynamic property App\Controllers\Auth::$user is deprecated in APPPATH\Controllers\Auth.php on line 13.
 1 SYSTEMPATH\CodeIgniter.php(906): App\Controllers\Auth->__construct()
 2 SYSTEMPATH\CodeIgniter.php(490): CodeIgniter\CodeIgniter->createController()
 3 SYSTEMPATH\CodeIgniter.php(368): CodeIgniter\CodeIgniter->handleRequest(null, Object(Config\Cache), false)
 4 FCPATH\index.php(67): CodeIgniter\CodeIgniter->run()
INFO - 2024-02-17 02:32:00 --> Session: Class initialized using 'CodeIgniter\Session\Handlers\FileHandler' driver.
WARNING - 2024-02-17 02:32:00 --> [DEPRECATED] Creation of dynamic property App\Controllers\Admin\Dashboard::$pelanggan is deprecated in APPPATH\Controllers\Admin\Dashboard.php on line 15.
 1 SYSTEMPATH\CodeIgniter.php(906): App\Controllers\Admin\Dashboard->__construct()
 2 SYSTEMPATH\CodeIgniter.php(490): CodeIgniter\CodeIgniter->createController()
 3 SYSTEMPATH\CodeIgniter.php(368): CodeIgniter\CodeIgniter->handleRequest(null, Object(Config\Cache), false)
 4 FCPATH\index.php(67): CodeIgniter\CodeIgniter->run()
WARNING - 2024-02-17 02:32:00 --> [DEPRECATED] Creation of dynamic property App\Controllers\Admin\Dashboard::$produk is deprecated in APPPATH\Controllers\Admin\Dashboard.php on line 16.
 1 SYSTEMPATH\CodeIgniter.php(906): App\Controllers\Admin\Dashboard->__construct()
 2 SYSTEMPATH\CodeIgniter.php(490): CodeIgniter\CodeIgniter->createController()
 3 SYSTEMPATH\CodeIgniter.php(368): CodeIgniter\CodeIgniter->handleRequest(null, Object(Config\Cache), false)
 4 FCPATH\index.php(67): CodeIgniter\CodeIgniter->run()
WARNING - 2024-02-17 02:32:00 --> [DEPRECATED] Creation of dynamic property App\Controllers\Admin\Dashboard::$transaksi is deprecated in APPPATH\Controllers\Admin\Dashboard.php on line 17.
 1 SYSTEMPATH\CodeIgniter.php(906): App\Controllers\Admin\Dashboard->__construct()
 2 SYSTEMPATH\CodeIgniter.php(490): CodeIgniter\CodeIgniter->createController()
 3 SYSTEMPATH\CodeIgniter.php(368): CodeIgniter\CodeIgniter->handleRequest(null, Object(Config\Cache), false)
 4 FCPATH\index.php(67): CodeIgniter\CodeIgniter->run()
WARNING - 2024-02-17 02:32:00 --> [DEPRECATED] Creation of dynamic property App\Controllers\Admin\Dashboard::$user is deprecated in APPPATH\Controllers\Admin\Dashboard.php on line 18.
 1 SYSTEMPATH\CodeIgniter.php(906): App\Controllers\Admin\Dashboard->__construct()
 2 SYSTEMPATH\CodeIgniter.php(490): CodeIgniter\CodeIgniter->createController()
 3 SYSTEMPATH\CodeIgniter.php(368): CodeIgniter\CodeIgniter->handleRequest(null, Object(Config\Cache), false)
 4 FCPATH\index.php(67): CodeIgniter\CodeIgniter->run()
INFO - 2024-02-17 02:32:00 --> Session: Class initialized using 'CodeIgniter\Session\Handlers\FileHandler' driver.
WARNING - 2024-02-17 02:32:03 --> [DEPRECATED] Creation of dynamic property App\Controllers\Admin\Dashboard::$pelanggan is deprecated in APPPATH\Controllers\Admin\Dashboard.php on line 15.
 1 SYSTEMPATH\CodeIgniter.php(906): App\Controllers\Admin\Dashboard->__construct()
 2 SYSTEMPATH\CodeIgniter.php(490): CodeIgniter\CodeIgniter->createController()
 3 SYSTEMPATH\CodeIgniter.php(368): CodeIgniter\CodeIgniter->handleRequest(null, Object(Config\Cache), false)
 4 FCPATH\index.php(67): CodeIgniter\CodeIgniter->run()
WARNING - 2024-02-17 02:32:03 --> [DEPRECATED] Creation of dynamic property App\Controllers\Admin\Dashboard::$produk is deprecated in APPPATH\Controllers\Admin\Dashboard.php on line 16.
 1 SYSTEMPATH\CodeIgniter.php(906): App\Controllers\Admin\Dashboard->__construct()
 2 SYSTEMPATH\CodeIgniter.php(490): CodeIgniter\CodeIgniter->createController()
 3 SYSTEMPATH\CodeIgniter.php(368): CodeIgniter\CodeIgniter->handleRequest(null, Object(Config\Cache), false)
 4 FCPATH\index.php(67): CodeIgniter\CodeIgniter->run()
WARNING - 2024-02-17 02:32:03 --> [DEPRECATED] Creation of dynamic property App\Controllers\Admin\Dashboard::$transaksi is deprecated in APPPATH\Controllers\Admin\Dashboard.php on line 17.
 1 SYSTEMPATH\CodeIgniter.php(906): App\Controllers\Admin\Dashboard->__construct()
 2 SYSTEMPATH\CodeIgniter.php(490): CodeIgniter\CodeIgniter->createController()
 3 SYSTEMPATH\CodeIgniter.php(368): CodeIgniter\CodeIgniter->handleRequest(null, Object(Config\Cache), false)
 4 FCPATH\index.php(67): CodeIgniter\CodeIgniter->run()
WARNING - 2024-02-17 02:32:03 --> [DEPRECATED] Creation of dynamic property App\Controllers\Admin\Dashboard::$user is deprecated in APPPATH\Controllers\Admin\Dashboard.php on line 18.
 1 SYSTEMPATH\CodeIgniter.php(906): App\Controllers\Admin\Dashboard->__construct()
 2 SYSTEMPATH\CodeIgniter.php(490): CodeIgniter\CodeIgniter->createController()
 3 SYSTEMPATH\CodeIgniter.php(368): CodeIgniter\CodeIgniter->handleRequest(null, Object(Config\Cache), false)
 4 FCPATH\index.php(67): CodeIgniter\CodeIgniter->run()
INFO - 2024-02-17 02:32:03 --> Session: Class initialized using 'CodeIgniter\Session\Handlers\FileHandler' driver.
WARNING - 2024-02-17 02:32:41 --> [DEPRECATED] Creation of dynamic property App\Controllers\Auth::$user is deprecated in APPPATH\Controllers\Auth.php on line 13.
 1 SYSTEMPATH\CodeIgniter.php(906): App\Controllers\Auth->__construct()
 2 SYSTEMPATH\CodeIgniter.php(490): CodeIgniter\CodeIgniter->createController()
 3 SYSTEMPATH\CodeIgniter.php(368): CodeIgniter\CodeIgniter->handleRequest(null, Object(Config\Cache), false)
 4 FCPATH\index.php(67): CodeIgniter\CodeIgniter->run()
INFO - 2024-02-17 02:32:41 --> Session: Class initialized using 'CodeIgniter\Session\Handlers\FileHandler' driver.
WARNING - 2024-02-17 02:32:41 --> [DEPRECATED] Creation of dynamic property App\Controllers\Auth::$user is deprecated in APPPATH\Controllers\Auth.php on line 13.
 1 SYSTEMPATH\CodeIgniter.php(906): App\Controllers\Auth->__construct()
 2 SYSTEMPATH\CodeIgniter.php(490): CodeIgniter\CodeIgniter->createController()
 3 SYSTEMPATH\CodeIgniter.php(368): CodeIgniter\CodeIgniter->handleRequest(null, Object(Config\Cache), false)
 4 FCPATH\index.php(67): CodeIgniter\CodeIgniter->run()
INFO - 2024-02-17 02:32:41 --> Session: Class initialized using 'CodeIgniter\Session\Handlers\FileHandler' driver.
WARNING - 2024-02-17 02:33:04 --> [DEPRECATED] Creation of dynamic property App\Controllers\Auth::$user is deprecated in APPPATH\Controllers\Auth.php on line 13.
 1 SYSTEMPATH\CodeIgniter.php(906): App\Controllers\Auth->__construct()
 2 SYSTEMPATH\CodeIgniter.php(490): CodeIgniter\CodeIgniter->createController()
 3 SYSTEMPATH\CodeIgniter.php(368): CodeIgniter\CodeIgniter->handleRequest(null, Object(Config\Cache), false)
 4 FCPATH\index.php(67): CodeIgniter\CodeIgniter->run()
INFO - 2024-02-17 02:33:04 --> Session: Class initialized using 'CodeIgniter\Session\Handlers\FileHandler' driver.
WARNING - 2024-02-17 02:33:44 --> [DEPRECATED] Creation of dynamic property App\Controllers\Auth::$user is deprecated in APPPATH\Controllers\Auth.php on line 13.
 1 SYSTEMPATH\CodeIgniter.php(906): App\Controllers\Auth->__construct()
 2 SYSTEMPATH\CodeIgniter.php(490): CodeIgniter\CodeIgniter->createController()
 3 SYSTEMPATH\CodeIgniter.php(368): CodeIgniter\CodeIgniter->handleRequest(null, Object(Config\Cache), false)
 4 FCPATH\index.php(67): CodeIgniter\CodeIgniter->run()
INFO - 2024-02-17 02:33:44 --> Session: Class initialized using 'CodeIgniter\Session\Handlers\FileHandler' driver.
WARNING - 2024-02-17 02:33:44 --> [DEPRECATED] Creation of dynamic property App\Controllers\Auth::$user is deprecated in APPPATH\Controllers\Auth.php on line 13.
 1 SYSTEMPATH\CodeIgniter.php(906): App\Controllers\Auth->__construct()
 2 SYSTEMPATH\CodeIgniter.php(490): CodeIgniter\CodeIgniter->createController()
 3 SYSTEMPATH\CodeIgniter.php(368): CodeIgniter\CodeIgniter->handleRequest(null, Object(Config\Cache), false)
 4 FCPATH\index.php(67): CodeIgniter\CodeIgniter->run()
INFO - 2024-02-17 02:33:44 --> Session: Class initialized using 'CodeIgniter\Session\Handlers\FileHandler' driver.
WARNING - 2024-02-17 02:34:00 --> [DEPRECATED] Creation of dynamic property App\Controllers\Auth::$user is deprecated in APPPATH\Controllers\Auth.php on line 13.
 1 SYSTEMPATH\CodeIgniter.php(906): App\Controllers\Auth->__construct()
 2 SYSTEMPATH\CodeIgniter.php(490): CodeIgniter\CodeIgniter->createController()
 3 SYSTEMPATH\CodeIgniter.php(368): CodeIgniter\CodeIgniter->handleRequest(null, Object(Config\Cache), false)
 4 FCPATH\index.php(67): CodeIgniter\CodeIgniter->run()
INFO - 2024-02-17 02:34:00 --> Session: Class initialized using 'CodeIgniter\Session\Handlers\FileHandler' driver.
INFO - 2024-02-17 02:34:02 --> Session: Class initialized using 'CodeIgniter\Session\Handlers\FileHandler' driver.
WARNING - 2024-02-17 02:34:08 --> [DEPRECATED] Creation of dynamic property App\Controllers\Auth::$user is deprecated in APPPATH\Controllers\Auth.php on line 13.
 1 SYSTEMPATH\CodeIgniter.php(906): App\Controllers\Auth->__construct()
 2 SYSTEMPATH\CodeIgniter.php(490): CodeIgniter\CodeIgniter->createController()
 3 SYSTEMPATH\CodeIgniter.php(368): CodeIgniter\CodeIgniter->handleRequest(null, Object(Config\Cache), false)
 4 FCPATH\index.php(67): CodeIgniter\CodeIgniter->run()
INFO - 2024-02-17 02:34:08 --> Session: Class initialized using 'CodeIgniter\Session\Handlers\FileHandler' driver.
WARNING - 2024-02-17 02:34:08 --> [DEPRECATED] Creation of dynamic property App\Controllers\Admin\Dashboard::$pelanggan is deprecated in APPPATH\Controllers\Admin\Dashboard.php on line 15.
 1 SYSTEMPATH\CodeIgniter.php(906): App\Controllers\Admin\Dashboard->__construct()
 2 SYSTEMPATH\CodeIgniter.php(490): CodeIgniter\CodeIgniter->createController()
 3 SYSTEMPATH\CodeIgniter.php(368): CodeIgniter\CodeIgniter->handleRequest(null, Object(Config\Cache), false)
 4 FCPATH\index.php(67): CodeIgniter\CodeIgniter->run()
WARNING - 2024-02-17 02:34:08 --> [DEPRECATED] Creation of dynamic property App\Controllers\Admin\Dashboard::$produk is deprecated in APPPATH\Controllers\Admin\Dashboard.php on line 16.
 1 SYSTEMPATH\CodeIgniter.php(906): App\Controllers\Admin\Dashboard->__construct()
 2 SYSTEMPATH\CodeIgniter.php(490): CodeIgniter\CodeIgniter->createController()
 3 SYSTEMPATH\CodeIgniter.php(368): CodeIgniter\CodeIgniter->handleRequest(null, Object(Config\Cache), false)
 4 FCPATH\index.php(67): CodeIgniter\CodeIgniter->run()
WARNING - 2024-02-17 02:34:08 --> [DEPRECATED] Creation of dynamic property App\Controllers\Admin\Dashboard::$transaksi is deprecated in APPPATH\Controllers\Admin\Dashboard.php on line 17.
 1 SYSTEMPATH\CodeIgniter.php(906): App\Controllers\Admin\Dashboard->__construct()
 2 SYSTEMPATH\CodeIgniter.php(490): CodeIgniter\CodeIgniter->createController()
 3 SYSTEMPATH\CodeIgniter.php(368): CodeIgniter\CodeIgniter->handleRequest(null, Object(Config\Cache), false)
 4 FCPATH\index.php(67): CodeIgniter\CodeIgniter->run()
WARNING - 2024-02-17 02:34:08 --> [DEPRECATED] Creation of dynamic property App\Controllers\Admin\Dashboard::$user is deprecated in APPPATH\Controllers\Admin\Dashboard.php on line 18.
 1 SYSTEMPATH\CodeIgniter.php(906): App\Controllers\Admin\Dashboard->__construct()
 2 SYSTEMPATH\CodeIgniter.php(490): CodeIgniter\CodeIgniter->createController()
 3 SYSTEMPATH\CodeIgniter.php(368): CodeIgniter\CodeIgniter->handleRequest(null, Object(Config\Cache), false)
 4 FCPATH\index.php(67): CodeIgniter\CodeIgniter->run()
INFO - 2024-02-17 02:34:08 --> Session: Class initialized using 'CodeIgniter\Session\Handlers\FileHandler' driver.
INFO - 2024-02-17 02:34:12 --> Session: Class initialized using 'CodeIgniter\Session\Handlers\FileHandler' driver.
INFO - 2024-02-17 02:35:22 --> Session: Class initialized using 'CodeIgniter\Session\Handlers\FileHandler' driver.
INFO - 2024-02-17 02:35:42 --> Session: Class initialized using 'CodeIgniter\Session\Handlers\FileHandler' driver.
INFO - 2024-02-17 02:37:40 --> Session: Class initialized using 'CodeIgniter\Session\Handlers\FileHandler' driver.
INFO - 2024-02-17 02:37:45 --> Session: Class initialized using 'CodeIgniter\Session\Handlers\FileHandler' driver.
INFO - 2024-02-17 02:43:26 --> Session: Class initialized using 'CodeIgniter\Session\Handlers\FileHandler' driver.
WARNING - 2024-02-17 02:43:32 --> [DEPRECATED] Creation of dynamic property App\Controllers\Auth::$user is deprecated in APPPATH\Controllers\Auth.php on line 13.
 1 SYSTEMPATH\CodeIgniter.php(906): App\Controllers\Auth->__construct()
 2 SYSTEMPATH\CodeIgniter.php(490): CodeIgniter\CodeIgniter->createController()
 3 SYSTEMPATH\CodeIgniter.php(368): CodeIgniter\CodeIgniter->handleRequest(null, Object(Config\Cache), false)
 4 FCPATH\index.php(67): CodeIgniter\CodeIgniter->run()
INFO - 2024-02-17 02:43:32 --> Session: Class initialized using 'CodeIgniter\Session\Handlers\FileHandler' driver.
WARNING - 2024-02-17 02:43:33 --> [DEPRECATED] Creation of dynamic property App\Controllers\Admin\Dashboard::$pelanggan is deprecated in APPPATH\Controllers\Admin\Dashboard.php on line 15.
 1 SYSTEMPATH\CodeIgniter.php(906): App\Controllers\Admin\Dashboard->__construct()
 2 SYSTEMPATH\CodeIgniter.php(490): CodeIgniter\CodeIgniter->createController()
 3 SYSTEMPATH\CodeIgniter.php(368): CodeIgniter\CodeIgniter->handleRequest(null, Object(Config\Cache), false)
 4 FCPATH\index.php(67): CodeIgniter\CodeIgniter->run()
WARNING - 2024-02-17 02:43:33 --> [DEPRECATED] Creation of dynamic property App\Controllers\Admin\Dashboard::$produk is deprecated in APPPATH\Controllers\Admin\Dashboard.php on line 16.
 1 SYSTEMPATH\CodeIgniter.php(906): App\Controllers\Admin\Dashboard->__construct()
 2 SYSTEMPATH\CodeIgniter.php(490): CodeIgniter\CodeIgniter->createController()
 3 SYSTEMPATH\CodeIgniter.php(368): CodeIgniter\CodeIgniter->handleRequest(null, Object(Config\Cache), false)
 4 FCPATH\index.php(67): CodeIgniter\CodeIgniter->run()
WARNING - 2024-02-17 02:43:33 --> [DEPRECATED] Creation of dynamic property App\Controllers\Admin\Dashboard::$transaksi is deprecated in APPPATH\Controllers\Admin\Dashboard.php on line 17.
 1 SYSTEMPATH\CodeIgniter.php(906): App\Controllers\Admin\Dashboard->__construct()
 2 SYSTEMPATH\CodeIgniter.php(490): CodeIgniter\CodeIgniter->createController()
 3 SYSTEMPATH\CodeIgniter.php(368): CodeIgniter\CodeIgniter->handleRequest(null, Object(Config\Cache), false)
 4 FCPATH\index.php(67): CodeIgniter\CodeIgniter->run()
WARNING - 2024-02-17 02:43:33 --> [DEPRECATED] Creation of dynamic property App\Controllers\Admin\Dashboard::$user is deprecated in APPPATH\Controllers\Admin\Dashboard.php on line 18.
 1 SYSTEMPATH\CodeIgniter.php(906): App\Controllers\Admin\Dashboard->__construct()
 2 SYSTEMPATH\CodeIgniter.php(490): CodeIgniter\CodeIgniter->createController()
 3 SYSTEMPATH\CodeIgniter.php(368): CodeIgniter\CodeIgniter->handleRequest(null, Object(Config\Cache), false)
 4 FCPATH\index.php(67): CodeIgniter\CodeIgniter->run()
INFO - 2024-02-17 02:43:33 --> Session: Class initialized using 'CodeIgniter\Session\Handlers\FileHandler' driver.
WARNING - 2024-02-17 02:43:38 --> [DEPRECATED] Creation of dynamic property App\Controllers\Admin\Dashboard::$pelanggan is deprecated in APPPATH\Controllers\Admin\Dashboard.php on line 15.
 1 SYSTEMPATH\CodeIgniter.php(906): App\Controllers\Admin\Dashboard->__construct()
 2 SYSTEMPATH\CodeIgniter.php(490): CodeIgniter\CodeIgniter->createController()
 3 SYSTEMPATH\CodeIgniter.php(368): CodeIgniter\CodeIgniter->handleRequest(null, Object(Config\Cache), false)
 4 FCPATH\index.php(67): CodeIgniter\CodeIgniter->run()
WARNING - 2024-02-17 02:43:38 --> [DEPRECATED] Creation of dynamic property App\Controllers\Admin\Dashboard::$produk is deprecated in APPPATH\Controllers\Admin\Dashboard.php on line 16.
 1 SYSTEMPATH\CodeIgniter.php(906): App\Controllers\Admin\Dashboard->__construct()
 2 SYSTEMPATH\CodeIgniter.php(490): CodeIgniter\CodeIgniter->createController()
 3 SYSTEMPATH\CodeIgniter.php(368): CodeIgniter\CodeIgniter->handleRequest(null, Object(Config\Cache), false)
 4 FCPATH\index.php(67): CodeIgniter\CodeIgniter->run()
WARNING - 2024-02-17 02:43:38 --> [DEPRECATED] Creation of dynamic property App\Controllers\Admin\Dashboard::$transaksi is deprecated in APPPATH\Controllers\Admin\Dashboard.php on line 17.
 1 SYSTEMPATH\CodeIgniter.php(906): App\Controllers\Admin\Dashboard->__construct()
 2 SYSTEMPATH\CodeIgniter.php(490): CodeIgniter\CodeIgniter->createController()
 3 SYSTEMPATH\CodeIgniter.php(368): CodeIgniter\CodeIgniter->handleRequest(null, Object(Config\Cache), false)
 4 FCPATH\index.php(67): CodeIgniter\CodeIgniter->run()
WARNING - 2024-02-17 02:43:38 --> [DEPRECATED] Creation of dynamic property App\Controllers\Admin\Dashboard::$user is deprecated in APPPATH\Controllers\Admin\Dashboard.php on line 18.
 1 SYSTEMPATH\CodeIgniter.php(906): App\Controllers\Admin\Dashboard->__construct()
 2 SYSTEMPATH\CodeIgniter.php(490): CodeIgniter\CodeIgniter->createController()
 3 SYSTEMPATH\CodeIgniter.php(368): CodeIgniter\CodeIgniter->handleRequest(null, Object(Config\Cache), false)
 4 FCPATH\index.php(67): CodeIgniter\CodeIgniter->run()
INFO - 2024-02-17 02:43:38 --> Session: Class initialized using 'CodeIgniter\Session\Handlers\FileHandler' driver.
WARNING - 2024-02-17 02:43:39 --> [DEPRECATED] Creation of dynamic property App\Controllers\Admin\Pelanggan::$pelanggan is deprecated in APPPATH\Controllers\Admin\Pelanggan.php on line 12.
 1 SYSTEMPATH\CodeIgniter.php(906): App\Controllers\Admin\Pelanggan->__construct()
 2 SYSTEMPATH\CodeIgniter.php(490): CodeIgniter\CodeIgniter->createController()
 3 SYSTEMPATH\CodeIgniter.php(368): CodeIgniter\CodeIgniter->handleRequest(null, Object(Config\Cache), false)
 4 FCPATH\index.php(67): CodeIgniter\CodeIgniter->run()
INFO - 2024-02-17 02:43:39 --> Session: Class initialized using 'CodeIgniter\Session\Handlers\FileHandler' driver.
WARNING - 2024-02-17 02:43:40 --> [DEPRECATED] Creation of dynamic property App\Controllers\Admin\Produk::$produk is deprecated in APPPATH\Controllers\Admin\Produk.php on line 12.
 1 SYSTEMPATH\CodeIgniter.php(906): App\Controllers\Admin\Produk->__construct()
 2 SYSTEMPATH\CodeIgniter.php(490): CodeIgniter\CodeIgniter->createController()
 3 SYSTEMPATH\CodeIgniter.php(368): CodeIgniter\CodeIgniter->handleRequest(null, Object(Config\Cache), false)
 4 FCPATH\index.php(67): CodeIgniter\CodeIgniter->run()
INFO - 2024-02-17 02:43:40 --> Session: Class initialized using 'CodeIgniter\Session\Handlers\FileHandler' driver.
WARNING - 2024-02-17 02:43:42 --> [DEPRECATED] Creation of dynamic property App\Controllers\Admin\User::$user is deprecated in APPPATH\Controllers\Admin\User.php on line 12.
 1 SYSTEMPATH\CodeIgniter.php(906): App\Controllers\Admin\User->__construct()
 2 SYSTEMPATH\CodeIgniter.php(490): CodeIgniter\CodeIgniter->createController()
 3 SYSTEMPATH\CodeIgniter.php(368): CodeIgniter\CodeIgniter->handleRequest(null, Object(Config\Cache), false)
 4 FCPATH\index.php(67): CodeIgniter\CodeIgniter->run()
INFO - 2024-02-17 02:43:42 --> Session: Class initialized using 'CodeIgniter\Session\Handlers\FileHandler' driver.
WARNING - 2024-02-17 02:44:20 --> [DEPRECATED] Creation of dynamic property App\Controllers\Auth::$user is deprecated in APPPATH\Controllers\Auth.php on line 13.
 1 SYSTEMPATH\CodeIgniter.php(906): App\Controllers\Auth->__construct()
 2 SYSTEMPATH\CodeIgniter.php(490): CodeIgniter\CodeIgniter->createController()
 3 SYSTEMPATH\CodeIgniter.php(368): CodeIgniter\CodeIgniter->handleRequest(null, Object(Config\Cache), false)
 4 FCPATH\index.php(69): CodeIgniter\CodeIgniter->run()
INFO - 2024-02-17 02:44:20 --> Session: Class initialized using 'CodeIgniter\Session\Handlers\FileHandler' driver.
WARNING - 2024-02-17 02:44:20 --> [DEPRECATED] Creation of dynamic property App\Controllers\Auth::$user is deprecated in APPPATH\Controllers\Auth.php on line 13.
 1 SYSTEMPATH\CodeIgniter.php(906): App\Controllers\Auth->__construct()
 2 SYSTEMPATH\CodeIgniter.php(490): CodeIgniter\CodeIgniter->createController()
 3 SYSTEMPATH\CodeIgniter.php(368): CodeIgniter\CodeIgniter->handleRequest(null, Object(Config\Cache), false)
 4 FCPATH\index.php(69): CodeIgniter\CodeIgniter->run()
INFO - 2024-02-17 02:44:20 --> Session: Class initialized using 'CodeIgniter\Session\Handlers\FileHandler' driver.
WARNING - 2024-02-17 02:44:25 --> [DEPRECATED] Creation of dynamic property App\Controllers\Auth::$user is deprecated in APPPATH\Controllers\Auth.php on line 13.
 1 SYSTEMPATH\CodeIgniter.php(906): App\Controllers\Auth->__construct()
 2 SYSTEMPATH\CodeIgniter.php(490): CodeIgniter\CodeIgniter->createController()
 3 SYSTEMPATH\CodeIgniter.php(368): CodeIgniter\CodeIgniter->handleRequest(null, Object(Config\Cache), false)
 4 FCPATH\index.php(69): CodeIgniter\CodeIgniter->run()
INFO - 2024-02-17 02:44:25 --> Session: Class initialized using 'CodeIgniter\Session\Handlers\FileHandler' driver.
WARNING - 2024-02-17 02:44:25 --> [DEPRECATED] Creation of dynamic property App\Controllers\Admin\Dashboard::$pelanggan is deprecated in APPPATH\Controllers\Admin\Dashboard.php on line 15.
 1 SYSTEMPATH\CodeIgniter.php(906): App\Controllers\Admin\Dashboard->__construct()
 2 SYSTEMPATH\CodeIgniter.php(490): CodeIgniter\CodeIgniter->createController()
 3 SYSTEMPATH\CodeIgniter.php(368): CodeIgniter\CodeIgniter->handleRequest(null, Object(Config\Cache), false)
 4 FCPATH\index.php(69): CodeIgniter\CodeIgniter->run()
WARNING - 2024-02-17 02:44:25 --> [DEPRECATED] Creation of dynamic property App\Controllers\Admin\Dashboard::$produk is deprecated in APPPATH\Controllers\Admin\Dashboard.php on line 16.
 1 SYSTEMPATH\CodeIgniter.php(906): App\Controllers\Admin\Dashboard->__construct()
 2 SYSTEMPATH\CodeIgniter.php(490): CodeIgniter\CodeIgniter->createController()
 3 SYSTEMPATH\CodeIgniter.php(368): CodeIgniter\CodeIgniter->handleRequest(null, Object(Config\Cache), false)
 4 FCPATH\index.php(69): CodeIgniter\CodeIgniter->run()
WARNING - 2024-02-17 02:44:25 --> [DEPRECATED] Creation of dynamic property App\Controllers\Admin\Dashboard::$transaksi is deprecated in APPPATH\Controllers\Admin\Dashboard.php on line 17.
 1 SYSTEMPATH\CodeIgniter.php(906): App\Controllers\Admin\Dashboard->__construct()
 2 SYSTEMPATH\CodeIgniter.php(490): CodeIgniter\CodeIgniter->createController()
 3 SYSTEMPATH\CodeIgniter.php(368): CodeIgniter\CodeIgniter->handleRequest(null, Object(Config\Cache), false)
 4 FCPATH\index.php(69): CodeIgniter\CodeIgniter->run()
WARNING - 2024-02-17 02:44:25 --> [DEPRECATED] Creation of dynamic property App\Controllers\Admin\Dashboard::$user is deprecated in APPPATH\Controllers\Admin\Dashboard.php on line 18.
 1 SYSTEMPATH\CodeIgniter.php(906): App\Controllers\Admin\Dashboard->__construct()
 2 SYSTEMPATH\CodeIgniter.php(490): CodeIgniter\CodeIgniter->createController()
 3 SYSTEMPATH\CodeIgniter.php(368): CodeIgniter\CodeIgniter->handleRequest(null, Object(Config\Cache), false)
 4 FCPATH\index.php(69): CodeIgniter\CodeIgniter->run()
INFO - 2024-02-17 02:44:25 --> Session: Class initialized using 'CodeIgniter\Session\Handlers\FileHandler' driver.
WARNING - 2024-02-17 02:44:28 --> [DEPRECATED] Creation of dynamic property App\Controllers\Admin\Pelanggan::$pelanggan is deprecated in APPPATH\Controllers\Admin\Pelanggan.php on line 12.
 1 SYSTEMPATH\CodeIgniter.php(906): App\Controllers\Admin\Pelanggan->__construct()
 2 SYSTEMPATH\CodeIgniter.php(490): CodeIgniter\CodeIgniter->createController()
 3 SYSTEMPATH\CodeIgniter.php(368): CodeIgniter\CodeIgniter->handleRequest(null, Object(Config\Cache), false)
 4 FCPATH\index.php(69): CodeIgniter\CodeIgniter->run()
INFO - 2024-02-17 02:44:28 --> Session: Class initialized using 'CodeIgniter\Session\Handlers\FileHandler' driver.
WARNING - 2024-02-17 02:44:30 --> [DEPRECATED] Creation of dynamic property App\Controllers\Admin\Dashboard::$pelanggan is deprecated in APPPATH\Controllers\Admin\Dashboard.php on line 15.
 1 SYSTEMPATH\CodeIgniter.php(906): App\Controllers\Admin\Dashboard->__construct()
 2 SYSTEMPATH\CodeIgniter.php(490): CodeIgniter\CodeIgniter->createController()
 3 SYSTEMPATH\CodeIgniter.php(368): CodeIgniter\CodeIgniter->handleRequest(null, Object(Config\Cache), false)
 4 FCPATH\index.php(69): CodeIgniter\CodeIgniter->run()
WARNING - 2024-02-17 02:44:30 --> [DEPRECATED] Creation of dynamic property App\Controllers\Admin\Dashboard::$produk is deprecated in APPPATH\Controllers\Admin\Dashboard.php on line 16.
 1 SYSTEMPATH\CodeIgniter.php(906): App\Controllers\Admin\Dashboard->__construct()
 2 SYSTEMPATH\CodeIgniter.php(490): CodeIgniter\CodeIgniter->createController()
 3 SYSTEMPATH\CodeIgniter.php(368): CodeIgniter\CodeIgniter->handleRequest(null, Object(Config\Cache), false)
 4 FCPATH\index.php(69): CodeIgniter\CodeIgniter->run()
WARNING - 2024-02-17 02:44:30 --> [DEPRECATED] Creation of dynamic property App\Controllers\Admin\Dashboard::$transaksi is deprecated in APPPATH\Controllers\Admin\Dashboard.php on line 17.
 1 SYSTEMPATH\CodeIgniter.php(906): App\Controllers\Admin\Dashboard->__construct()
 2 SYSTEMPATH\CodeIgniter.php(490): CodeIgniter\CodeIgniter->createController()
 3 SYSTEMPATH\CodeIgniter.php(368): CodeIgniter\CodeIgniter->handleRequest(null, Object(Config\Cache), false)
 4 FCPATH\index.php(69): CodeIgniter\CodeIgniter->run()
WARNING - 2024-02-17 02:44:30 --> [DEPRECATED] Creation of dynamic property App\Controllers\Admin\Dashboard::$user is deprecated in APPPATH\Controllers\Admin\Dashboard.php on line 18.
 1 SYSTEMPATH\CodeIgniter.php(906): App\Controllers\Admin\Dashboard->__construct()
 2 SYSTEMPATH\CodeIgniter.php(490): CodeIgniter\CodeIgniter->createController()
 3 SYSTEMPATH\CodeIgniter.php(368): CodeIgniter\CodeIgniter->handleRequest(null, Object(Config\Cache), false)
 4 FCPATH\index.php(69): CodeIgniter\CodeIgniter->run()
INFO - 2024-02-17 02:44:30 --> Session: Class initialized using 'CodeIgniter\Session\Handlers\FileHandler' driver.
WARNING - 2024-02-17 02:44:32 --> [DEPRECATED] Creation of dynamic property App\Controllers\Admin\Dashboard::$pelanggan is deprecated in APPPATH\Controllers\Admin\Dashboard.php on line 15.
 1 SYSTEMPATH\CodeIgniter.php(906): App\Controllers\Admin\Dashboard->__construct()
 2 SYSTEMPATH\CodeIgniter.php(490): CodeIgniter\CodeIgniter->createController()
 3 SYSTEMPATH\CodeIgniter.php(368): CodeIgniter\CodeIgniter->handleRequest(null, Object(Config\Cache), false)
 4 FCPATH\index.php(69): CodeIgniter\CodeIgniter->run()
WARNING - 2024-02-17 02:44:32 --> [DEPRECATED] Creation of dynamic property App\Controllers\Admin\Dashboard::$produk is deprecated in APPPATH\Controllers\Admin\Dashboard.php on line 16.
 1 SYSTEMPATH\CodeIgniter.php(906): App\Controllers\Admin\Dashboard->__construct()
 2 SYSTEMPATH\CodeIgniter.php(490): CodeIgniter\CodeIgniter->createController()
 3 SYSTEMPATH\CodeIgniter.php(368): CodeIgniter\CodeIgniter->handleRequest(null, Object(Config\Cache), false)
 4 FCPATH\index.php(69): CodeIgniter\CodeIgniter->run()
WARNING - 2024-02-17 02:44:32 --> [DEPRECATED] Creation of dynamic property App\Controllers\Admin\Dashboard::$transaksi is deprecated in APPPATH\Controllers\Admin\Dashboard.php on line 17.
 1 SYSTEMPATH\CodeIgniter.php(906): App\Controllers\Admin\Dashboard->__construct()
 2 SYSTEMPATH\CodeIgniter.php(490): CodeIgniter\CodeIgniter->createController()
 3 SYSTEMPATH\CodeIgniter.php(368): CodeIgniter\CodeIgniter->handleRequest(null, Object(Config\Cache), false)
 4 FCPATH\index.php(69): CodeIgniter\CodeIgniter->run()
WARNING - 2024-02-17 02:44:32 --> [DEPRECATED] Creation of dynamic property App\Controllers\Admin\Dashboard::$user is deprecated in APPPATH\Controllers\Admin\Dashboard.php on line 18.
 1 SYSTEMPATH\CodeIgniter.php(906): App\Controllers\Admin\Dashboard->__construct()
 2 SYSTEMPATH\CodeIgniter.php(490): CodeIgniter\CodeIgniter->createController()
 3 SYSTEMPATH\CodeIgniter.php(368): CodeIgniter\CodeIgniter->handleRequest(null, Object(Config\Cache), false)
 4 FCPATH\index.php(69): CodeIgniter\CodeIgniter->run()
INFO - 2024-02-17 02:44:32 --> Session: Class initialized using 'CodeIgniter\Session\Handlers\FileHandler' driver.
WARNING - 2024-02-17 02:45:01 --> [DEPRECATED] Creation of dynamic property App\Controllers\Admin\Produk::$produk is deprecated in APPPATH\Controllers\Admin\Produk.php on line 12.
 1 SYSTEMPATH\CodeIgniter.php(906): App\Controllers\Admin\Produk->__construct()
 2 SYSTEMPATH\CodeIgniter.php(490): CodeIgniter\CodeIgniter->createController()
 3 SYSTEMPATH\CodeIgniter.php(368): CodeIgniter\CodeIgniter->handleRequest(null, Object(Config\Cache), false)
 4 FCPATH\index.php(69): CodeIgniter\CodeIgniter->run()
INFO - 2024-02-17 02:45:01 --> Session: Class initialized using 'CodeIgniter\Session\Handlers\FileHandler' driver.
WARNING - 2024-02-17 02:47:08 --> [DEPRECATED] Creation of dynamic property App\Controllers\Admin\Dashboard::$pelanggan is deprecated in APPPATH\Controllers\Admin\Dashboard.php on line 15.
 1 SYSTEMPATH\CodeIgniter.php(906): App\Controllers\Admin\Dashboard->__construct()
 2 SYSTEMPATH\CodeIgniter.php(490): CodeIgniter\CodeIgniter->createController()
 3 SYSTEMPATH\CodeIgniter.php(368): CodeIgniter\CodeIgniter->handleRequest(null, Object(Config\Cache), false)
 4 FCPATH\index.php(69): CodeIgniter\CodeIgniter->run()
WARNING - 2024-02-17 02:47:08 --> [DEPRECATED] Creation of dynamic property App\Controllers\Admin\Dashboard::$produk is deprecated in APPPATH\Controllers\Admin\Dashboard.php on line 16.
 1 SYSTEMPATH\CodeIgniter.php(906): App\Controllers\Admin\Dashboard->__construct()
 2 SYSTEMPATH\CodeIgniter.php(490): CodeIgniter\CodeIgniter->createController()
 3 SYSTEMPATH\CodeIgniter.php(368): CodeIgniter\CodeIgniter->handleRequest(null, Object(Config\Cache), false)
 4 FCPATH\index.php(69): CodeIgniter\CodeIgniter->run()
WARNING - 2024-02-17 02:47:08 --> [DEPRECATED] Creation of dynamic property App\Controllers\Admin\Dashboard::$transaksi is deprecated in APPPATH\Controllers\Admin\Dashboard.php on line 17.
 1 SYSTEMPATH\CodeIgniter.php(906): App\Controllers\Admin\Dashboard->__construct()
 2 SYSTEMPATH\CodeIgniter.php(490): CodeIgniter\CodeIgniter->createController()
 3 SYSTEMPATH\CodeIgniter.php(368): CodeIgniter\CodeIgniter->handleRequest(null, Object(Config\Cache), false)
 4 FCPATH\index.php(69): CodeIgniter\CodeIgniter->run()
WARNING - 2024-02-17 02:47:08 --> [DEPRECATED] Creation of dynamic property App\Controllers\Admin\Dashboard::$user is deprecated in APPPATH\Controllers\Admin\Dashboard.php on line 18.
 1 SYSTEMPATH\CodeIgniter.php(906): App\Controllers\Admin\Dashboard->__construct()
 2 SYSTEMPATH\CodeIgniter.php(490): CodeIgniter\CodeIgniter->createController()
 3 SYSTEMPATH\CodeIgniter.php(368): CodeIgniter\CodeIgniter->handleRequest(null, Object(Config\Cache), false)
 4 FCPATH\index.php(69): CodeIgniter\CodeIgniter->run()
INFO - 2024-02-17 02:47:08 --> Session: Class initialized using 'CodeIgniter\Session\Handlers\FileHandler' driver.
WARNING - 2024-02-17 02:47:11 --> [DEPRECATED] Creation of dynamic property App\Controllers\Admin\Transaksi::$pelanggan is deprecated in APPPATH\Controllers\Admin\Transaksi.php on line 14.
 1 SYSTEMPATH\CodeIgniter.php(906): App\Controllers\Admin\Transaksi->__construct()
 2 SYSTEMPATH\CodeIgniter.php(490): CodeIgniter\CodeIgniter->createController()
 3 SYSTEMPATH\CodeIgniter.php(368): CodeIgniter\CodeIgniter->handleRequest(null, Object(Config\Cache), false)
 4 FCPATH\index.php(69): CodeIgniter\CodeIgniter->run()
WARNING - 2024-02-17 02:47:11 --> [DEPRECATED] Creation of dynamic property App\Controllers\Admin\Transaksi::$produk is deprecated in APPPATH\Controllers\Admin\Transaksi.php on line 15.
 1 SYSTEMPATH\CodeIgniter.php(906): App\Controllers\Admin\Transaksi->__construct()
 2 SYSTEMPATH\CodeIgniter.php(490): CodeIgniter\CodeIgniter->createController()
 3 SYSTEMPATH\CodeIgniter.php(368): CodeIgniter\CodeIgniter->handleRequest(null, Object(Config\Cache), false)
 4 FCPATH\index.php(69): CodeIgniter\CodeIgniter->run()
WARNING - 2024-02-17 02:47:11 --> [DEPRECATED] Creation of dynamic property App\Controllers\Admin\Transaksi::$transaksi is deprecated in APPPATH\Controllers\Admin\Transaksi.php on line 16.
 1 SYSTEMPATH\CodeIgniter.php(906): App\Controllers\Admin\Transaksi->__construct()
 2 SYSTEMPATH\CodeIgniter.php(490): CodeIgniter\CodeIgniter->createController()
 3 SYSTEMPATH\CodeIgniter.php(368): CodeIgniter\CodeIgniter->handleRequest(null, Object(Config\Cache), false)
 4 FCPATH\index.php(69): CodeIgniter\CodeIgniter->run()
INFO - 2024-02-17 02:47:11 --> Session: Class initialized using 'CodeIgniter\Session\Handlers\FileHandler' driver.
WARNING - 2024-02-17 02:47:12 --> [DEPRECATED] Creation of dynamic property App\Controllers\Admin\Dashboard::$pelanggan is deprecated in APPPATH\Controllers\Admin\Dashboard.php on line 15.
 1 SYSTEMPATH\CodeIgniter.php(906): App\Controllers\Admin\Dashboard->__construct()
 2 SYSTEMPATH\CodeIgniter.php(490): CodeIgniter\CodeIgniter->createController()
 3 SYSTEMPATH\CodeIgniter.php(368): CodeIgniter\CodeIgniter->handleRequest(null, Object(Config\Cache), false)
 4 FCPATH\index.php(69): CodeIgniter\CodeIgniter->run()
WARNING - 2024-02-17 02:47:12 --> [DEPRECATED] Creation of dynamic property App\Controllers\Admin\Dashboard::$produk is deprecated in APPPATH\Controllers\Admin\Dashboard.php on line 16.
 1 SYSTEMPATH\CodeIgniter.php(906): App\Controllers\Admin\Dashboard->__construct()
 2 SYSTEMPATH\CodeIgniter.php(490): CodeIgniter\CodeIgniter->createController()
 3 SYSTEMPATH\CodeIgniter.php(368): CodeIgniter\CodeIgniter->handleRequest(null, Object(Config\Cache), false)
 4 FCPATH\index.php(69): CodeIgniter\CodeIgniter->run()
WARNING - 2024-02-17 02:47:12 --> [DEPRECATED] Creation of dynamic property App\Controllers\Admin\Dashboard::$transaksi is deprecated in APPPATH\Controllers\Admin\Dashboard.php on line 17.
 1 SYSTEMPATH\CodeIgniter.php(906): App\Controllers\Admin\Dashboard->__construct()
 2 SYSTEMPATH\CodeIgniter.php(490): CodeIgniter\CodeIgniter->createController()
 3 SYSTEMPATH\CodeIgniter.php(368): CodeIgniter\CodeIgniter->handleRequest(null, Object(Config\Cache), false)
 4 FCPATH\index.php(69): CodeIgniter\CodeIgniter->run()
WARNING - 2024-02-17 02:47:12 --> [DEPRECATED] Creation of dynamic property App\Controllers\Admin\Dashboard::$user is deprecated in APPPATH\Controllers\Admin\Dashboard.php on line 18.
 1 SYSTEMPATH\CodeIgniter.php(906): App\Controllers\Admin\Dashboard->__construct()
 2 SYSTEMPATH\CodeIgniter.php(490): CodeIgniter\CodeIgniter->createController()
 3 SYSTEMPATH\CodeIgniter.php(368): CodeIgniter\CodeIgniter->handleRequest(null, Object(Config\Cache), false)
 4 FCPATH\index.php(69): CodeIgniter\CodeIgniter->run()
INFO - 2024-02-17 02:47:12 --> Session: Class initialized using 'CodeIgniter\Session\Handlers\FileHandler' driver.
WARNING - 2024-02-17 02:47:13 --> [DEPRECATED] Creation of dynamic property App\Controllers\Admin\User::$user is deprecated in APPPATH\Controllers\Admin\User.php on line 12.
 1 SYSTEMPATH\CodeIgniter.php(906): App\Controllers\Admin\User->__construct()
 2 SYSTEMPATH\CodeIgniter.php(490): CodeIgniter\CodeIgniter->createController()
 3 SYSTEMPATH\CodeIgniter.php(368): CodeIgniter\CodeIgniter->handleRequest(null, Object(Config\Cache), false)
 4 FCPATH\index.php(69): CodeIgniter\CodeIgniter->run()
INFO - 2024-02-17 02:47:13 --> Session: Class initialized using 'CodeIgniter\Session\Handlers\FileHandler' driver.
WARNING - 2024-02-17 02:47:16 --> [DEPRECATED] Creation of dynamic property App\Controllers\Admin\Dashboard::$pelanggan is deprecated in APPPATH\Controllers\Admin\Dashboard.php on line 15.
 1 SYSTEMPATH\CodeIgniter.php(906): App\Controllers\Admin\Dashboard->__construct()
 2 SYSTEMPATH\CodeIgniter.php(490): CodeIgniter\CodeIgniter->createController()
 3 SYSTEMPATH\CodeIgniter.php(368): CodeIgniter\CodeIgniter->handleRequest(null, Object(Config\Cache), false)
 4 FCPATH\index.php(69): CodeIgniter\CodeIgniter->run()
WARNING - 2024-02-17 02:47:16 --> [DEPRECATED] Creation of dynamic property App\Controllers\Admin\Dashboard::$produk is deprecated in APPPATH\Controllers\Admin\Dashboard.php on line 16.
 1 SYSTEMPATH\CodeIgniter.php(906): App\Controllers\Admin\Dashboard->__construct()
 2 SYSTEMPATH\CodeIgniter.php(490): CodeIgniter\CodeIgniter->createController()
 3 SYSTEMPATH\CodeIgniter.php(368): CodeIgniter\CodeIgniter->handleRequest(null, Object(Config\Cache), false)
 4 FCPATH\index.php(69): CodeIgniter\CodeIgniter->run()
WARNING - 2024-02-17 02:47:16 --> [DEPRECATED] Creation of dynamic property App\Controllers\Admin\Dashboard::$transaksi is deprecated in APPPATH\Controllers\Admin\Dashboard.php on line 17.
 1 SYSTEMPATH\CodeIgniter.php(906): App\Controllers\Admin\Dashboard->__construct()
 2 SYSTEMPATH\CodeIgniter.php(490): CodeIgniter\CodeIgniter->createController()
 3 SYSTEMPATH\CodeIgniter.php(368): CodeIgniter\CodeIgniter->handleRequest(null, Object(Config\Cache), false)
 4 FCPATH\index.php(69): CodeIgniter\CodeIgniter->run()
WARNING - 2024-02-17 02:47:16 --> [DEPRECATED] Creation of dynamic property App\Controllers\Admin\Dashboard::$user is deprecated in APPPATH\Controllers\Admin\Dashboard.php on line 18.
 1 SYSTEMPATH\CodeIgniter.php(906): App\Controllers\Admin\Dashboard->__construct()
 2 SYSTEMPATH\CodeIgniter.php(490): CodeIgniter\CodeIgniter->createController()
 3 SYSTEMPATH\CodeIgniter.php(368): CodeIgniter\CodeIgniter->handleRequest(null, Object(Config\Cache), false)
 4 FCPATH\index.php(69): CodeIgniter\CodeIgniter->run()
INFO - 2024-02-17 02:47:16 --> Session: Class initialized using 'CodeIgniter\Session\Handlers\FileHandler' driver.
WARNING - 2024-02-17 02:47:18 --> [DEPRECATED] Creation of dynamic property App\Controllers\Admin\Pelanggan::$pelanggan is deprecated in APPPATH\Controllers\Admin\Pelanggan.php on line 12.
 1 SYSTEMPATH\CodeIgniter.php(906): App\Controllers\Admin\Pelanggan->__construct()
 2 SYSTEMPATH\CodeIgniter.php(490): CodeIgniter\CodeIgniter->createController()
 3 SYSTEMPATH\CodeIgniter.php(368): CodeIgniter\CodeIgniter->handleRequest(null, Object(Config\Cache), false)
 4 FCPATH\index.php(69): CodeIgniter\CodeIgniter->run()
INFO - 2024-02-17 02:47:18 --> Session: Class initialized using 'CodeIgniter\Session\Handlers\FileHandler' driver.
WARNING - 2024-02-17 02:47:18 --> [DEPRECATED] Creation of dynamic property App\Controllers\Admin\Dashboard::$pelanggan is deprecated in APPPATH\Controllers\Admin\Dashboard.php on line 15.
 1 SYSTEMPATH\CodeIgniter.php(906): App\Controllers\Admin\Dashboard->__construct()
 2 SYSTEMPATH\CodeIgniter.php(490): CodeIgniter\CodeIgniter->createController()
 3 SYSTEMPATH\CodeIgniter.php(368): CodeIgniter\CodeIgniter->handleRequest(null, Object(Config\Cache), false)
 4 FCPATH\index.php(69): CodeIgniter\CodeIgniter->run()
WARNING - 2024-02-17 02:47:18 --> [DEPRECATED] Creation of dynamic property App\Controllers\Admin\Dashboard::$produk is deprecated in APPPATH\Controllers\Admin\Dashboard.php on line 16.
 1 SYSTEMPATH\CodeIgniter.php(906): App\Controllers\Admin\Dashboard->__construct()
 2 SYSTEMPATH\CodeIgniter.php(490): CodeIgniter\CodeIgniter->createController()
 3 SYSTEMPATH\CodeIgniter.php(368): CodeIgniter\CodeIgniter->handleRequest(null, Object(Config\Cache), false)
 4 FCPATH\index.php(69): CodeIgniter\CodeIgniter->run()
WARNING - 2024-02-17 02:47:18 --> [DEPRECATED] Creation of dynamic property App\Controllers\Admin\Dashboard::$transaksi is deprecated in APPPATH\Controllers\Admin\Dashboard.php on line 17.
 1 SYSTEMPATH\CodeIgniter.php(906): App\Controllers\Admin\Dashboard->__construct()
 2 SYSTEMPATH\CodeIgniter.php(490): CodeIgniter\CodeIgniter->createController()
 3 SYSTEMPATH\CodeIgniter.php(368): CodeIgniter\CodeIgniter->handleRequest(null, Object(Config\Cache), false)
 4 FCPATH\index.php(69): CodeIgniter\CodeIgniter->run()
WARNING - 2024-02-17 02:47:18 --> [DEPRECATED] Creation of dynamic property App\Controllers\Admin\Dashboard::$user is deprecated in APPPATH\Controllers\Admin\Dashboard.php on line 18.
 1 SYSTEMPATH\CodeIgniter.php(906): App\Controllers\Admin\Dashboard->__construct()
 2 SYSTEMPATH\CodeIgniter.php(490): CodeIgniter\CodeIgniter->createController()
 3 SYSTEMPATH\CodeIgniter.php(368): CodeIgniter\CodeIgniter->handleRequest(null, Object(Config\Cache), false)
 4 FCPATH\index.php(69): CodeIgniter\CodeIgniter->run()
INFO - 2024-02-17 02:47:18 --> Session: Class initialized using 'CodeIgniter\Session\Handlers\FileHandler' driver.
WARNING - 2024-02-17 02:47:20 --> [DEPRECATED] Creation of dynamic property App\Controllers\Admin\Produk::$produk is deprecated in APPPATH\Controllers\Admin\Produk.php on line 12.
 1 SYSTEMPATH\CodeIgniter.php(906): App\Controllers\Admin\Produk->__construct()
 2 SYSTEMPATH\CodeIgniter.php(490): CodeIgniter\CodeIgniter->createController()
 3 SYSTEMPATH\CodeIgniter.php(368): CodeIgniter\CodeIgniter->handleRequest(null, Object(Config\Cache), false)
 4 FCPATH\index.php(69): CodeIgniter\CodeIgniter->run()
INFO - 2024-02-17 02:47:20 --> Session: Class initialized using 'CodeIgniter\Session\Handlers\FileHandler' driver.
WARNING - 2024-02-17 02:47:21 --> [DEPRECATED] Creation of dynamic property App\Controllers\Admin\Dashboard::$pelanggan is deprecated in APPPATH\Controllers\Admin\Dashboard.php on line 15.
 1 SYSTEMPATH\CodeIgniter.php(906): App\Controllers\Admin\Dashboard->__construct()
 2 SYSTEMPATH\CodeIgniter.php(490): CodeIgniter\CodeIgniter->createController()
 3 SYSTEMPATH\CodeIgniter.php(368): CodeIgniter\CodeIgniter->handleRequest(null, Object(Config\Cache), false)
 4 FCPATH\index.php(69): CodeIgniter\CodeIgniter->run()
WARNING - 2024-02-17 02:47:21 --> [DEPRECATED] Creation of dynamic property App\Controllers\Admin\Dashboard::$produk is deprecated in APPPATH\Controllers\Admin\Dashboard.php on line 16.
 1 SYSTEMPATH\CodeIgniter.php(906): App\Controllers\Admin\Dashboard->__construct()
 2 SYSTEMPATH\CodeIgniter.php(490): CodeIgniter\CodeIgniter->createController()
 3 SYSTEMPATH\CodeIgniter.php(368): CodeIgniter\CodeIgniter->handleRequest(null, Object(Config\Cache), false)
 4 FCPATH\index.php(69): CodeIgniter\CodeIgniter->run()
WARNING - 2024-02-17 02:47:21 --> [DEPRECATED] Creation of dynamic property App\Controllers\Admin\Dashboard::$transaksi is deprecated in APPPATH\Controllers\Admin\Dashboard.php on line 17.
 1 SYSTEMPATH\CodeIgniter.php(906): App\Controllers\Admin\Dashboard->__construct()
 2 SYSTEMPATH\CodeIgniter.php(490): CodeIgniter\CodeIgniter->createController()
 3 SYSTEMPATH\CodeIgniter.php(368): CodeIgniter\CodeIgniter->handleRequest(null, Object(Config\Cache), false)
 4 FCPATH\index.php(69): CodeIgniter\CodeIgniter->run()
WARNING - 2024-02-17 02:47:21 --> [DEPRECATED] Creation of dynamic property App\Controllers\Admin\Dashboard::$user is deprecated in APPPATH\Controllers\Admin\Dashboard.php on line 18.
 1 SYSTEMPATH\CodeIgniter.php(906): App\Controllers\Admin\Dashboard->__construct()
 2 SYSTEMPATH\CodeIgniter.php(490): CodeIgniter\CodeIgniter->createController()
 3 SYSTEMPATH\CodeIgniter.php(368): CodeIgniter\CodeIgniter->handleRequest(null, Object(Config\Cache), false)
 4 FCPATH\index.php(69): CodeIgniter\CodeIgniter->run()
INFO - 2024-02-17 02:47:21 --> Session: Class initialized using 'CodeIgniter\Session\Handlers\FileHandler' driver.
WARNING - 2024-02-17 02:47:49 --> [DEPRECATED] Creation of dynamic property App\Controllers\Admin\Dashboard::$pelanggan is deprecated in APPPATH\Controllers\Admin\Dashboard.php on line 15.
 1 SYSTEMPATH\CodeIgniter.php(906): App\Controllers\Admin\Dashboard->__construct()
 2 SYSTEMPATH\CodeIgniter.php(490): CodeIgniter\CodeIgniter->createController()
 3 SYSTEMPATH\CodeIgniter.php(368): CodeIgniter\CodeIgniter->handleRequest(null, Object(Config\Cache), false)
 4 FCPATH\index.php(69): CodeIgniter\CodeIgniter->run()
WARNING - 2024-02-17 02:47:49 --> [DEPRECATED] Creation of dynamic property App\Controllers\Admin\Dashboard::$produk is deprecated in APPPATH\Controllers\Admin\Dashboard.php on line 16.
 1 SYSTEMPATH\CodeIgniter.php(906): App\Controllers\Admin\Dashboard->__construct()
 2 SYSTEMPATH\CodeIgniter.php(490): CodeIgniter\CodeIgniter->createController()
 3 SYSTEMPATH\CodeIgniter.php(368): CodeIgniter\CodeIgniter->handleRequest(null, Object(Config\Cache), false)
 4 FCPATH\index.php(69): CodeIgniter\CodeIgniter->run()
WARNING - 2024-02-17 02:47:49 --> [DEPRECATED] Creation of dynamic property App\Controllers\Admin\Dashboard::$transaksi is deprecated in APPPATH\Controllers\Admin\Dashboard.php on line 17.
 1 SYSTEMPATH\CodeIgniter.php(906): App\Controllers\Admin\Dashboard->__construct()
 2 SYSTEMPATH\CodeIgniter.php(490): CodeIgniter\CodeIgniter->createController()
 3 SYSTEMPATH\CodeIgniter.php(368): CodeIgniter\CodeIgniter->handleRequest(null, Object(Config\Cache), false)
 4 FCPATH\index.php(69): CodeIgniter\CodeIgniter->run()
WARNING - 2024-02-17 02:47:49 --> [DEPRECATED] Creation of dynamic property App\Controllers\Admin\Dashboard::$user is deprecated in APPPATH\Controllers\Admin\Dashboard.php on line 18.
 1 SYSTEMPATH\CodeIgniter.php(906): App\Controllers\Admin\Dashboard->__construct()
 2 SYSTEMPATH\CodeIgniter.php(490): CodeIgniter\CodeIgniter->createController()
 3 SYSTEMPATH\CodeIgniter.php(368): CodeIgniter\CodeIgniter->handleRequest(null, Object(Config\Cache), false)
 4 FCPATH\index.php(69): CodeIgniter\CodeIgniter->run()
INFO - 2024-02-17 02:47:49 --> Session: Class initialized using 'CodeIgniter\Session\Handlers\FileHandler' driver.
WARNING - 2024-02-17 02:48:21 --> [DEPRECATED] Creation of dynamic property App\Controllers\Admin\Produk::$produk is deprecated in APPPATH\Controllers\Admin\Produk.php on line 12.
 1 SYSTEMPATH\CodeIgniter.php(906): App\Controllers\Admin\Produk->__construct()
 2 SYSTEMPATH\CodeIgniter.php(490): CodeIgniter\CodeIgniter->createController()
 3 SYSTEMPATH\CodeIgniter.php(368): CodeIgniter\CodeIgniter->handleRequest(null, Object(Config\Cache), false)
 4 FCPATH\index.php(69): CodeIgniter\CodeIgniter->run()
INFO - 2024-02-17 02:48:21 --> Session: Class initialized using 'CodeIgniter\Session\Handlers\FileHandler' driver.
WARNING - 2024-02-17 02:48:33 --> [DEPRECATED] Creation of dynamic property App\Controllers\Admin\Pelanggan::$pelanggan is deprecated in APPPATH\Controllers\Admin\Pelanggan.php on line 12.
 1 SYSTEMPATH\CodeIgniter.php(906): App\Controllers\Admin\Pelanggan->__construct()
 2 SYSTEMPATH\CodeIgniter.php(490): CodeIgniter\CodeIgniter->createController()
 3 SYSTEMPATH\CodeIgniter.php(368): CodeIgniter\CodeIgniter->handleRequest(null, Object(Config\Cache), false)
 4 FCPATH\index.php(69): CodeIgniter\CodeIgniter->run()
INFO - 2024-02-17 02:48:33 --> Session: Class initialized using 'CodeIgniter\Session\Handlers\FileHandler' driver.
WARNING - 2024-02-17 02:48:50 --> [DEPRECATED] Creation of dynamic property App\Controllers\Admin\Produk::$produk is deprecated in APPPATH\Controllers\Admin\Produk.php on line 12.
 1 SYSTEMPATH\CodeIgniter.php(906): App\Controllers\Admin\Produk->__construct()
 2 SYSTEMPATH\CodeIgniter.php(490): CodeIgniter\CodeIgniter->createController()
 3 SYSTEMPATH\CodeIgniter.php(368): CodeIgniter\CodeIgniter->handleRequest(null, Object(Config\Cache), false)
 4 FCPATH\index.php(69): CodeIgniter\CodeIgniter->run()
INFO - 2024-02-17 02:48:50 --> Session: Class initialized using 'CodeIgniter\Session\Handlers\FileHandler' driver.
WARNING - 2024-02-17 02:48:54 --> [DEPRECATED] Creation of dynamic property App\Controllers\Admin\Transaksi::$pelanggan is deprecated in APPPATH\Controllers\Admin\Transaksi.php on line 14.
 1 SYSTEMPATH\CodeIgniter.php(906): App\Controllers\Admin\Transaksi->__construct()
 2 SYSTEMPATH\CodeIgniter.php(490): CodeIgniter\CodeIgniter->createController()
 3 SYSTEMPATH\CodeIgniter.php(368): CodeIgniter\CodeIgniter->handleRequest(null, Object(Config\Cache), false)
 4 FCPATH\index.php(69): CodeIgniter\CodeIgniter->run()
WARNING - 2024-02-17 02:48:54 --> [DEPRECATED] Creation of dynamic property App\Controllers\Admin\Transaksi::$produk is deprecated in APPPATH\Controllers\Admin\Transaksi.php on line 15.
 1 SYSTEMPATH\CodeIgniter.php(906): App\Controllers\Admin\Transaksi->__construct()
 2 SYSTEMPATH\CodeIgniter.php(490): CodeIgniter\CodeIgniter->createController()
 3 SYSTEMPATH\CodeIgniter.php(368): CodeIgniter\CodeIgniter->handleRequest(null, Object(Config\Cache), false)
 4 FCPATH\index.php(69): CodeIgniter\CodeIgniter->run()
WARNING - 2024-02-17 02:48:54 --> [DEPRECATED] Creation of dynamic property App\Controllers\Admin\Transaksi::$transaksi is deprecated in APPPATH\Controllers\Admin\Transaksi.php on line 16.
 1 SYSTEMPATH\CodeIgniter.php(906): App\Controllers\Admin\Transaksi->__construct()
 2 SYSTEMPATH\CodeIgniter.php(490): CodeIgniter\CodeIgniter->createController()
 3 SYSTEMPATH\CodeIgniter.php(368): CodeIgniter\CodeIgniter->handleRequest(null, Object(Config\Cache), false)
 4 FCPATH\index.php(69): CodeIgniter\CodeIgniter->run()
INFO - 2024-02-17 02:48:54 --> Session: Class initialized using 'CodeIgniter\Session\Handlers\FileHandler' driver.
WARNING - 2024-02-17 02:48:58 --> [DEPRECATED] Creation of dynamic property App\Controllers\Admin\Laporan::$transaksi is deprecated in APPPATH\Controllers\Admin\Laporan.php on line 13.
 1 SYSTEMPATH\CodeIgniter.php(906): App\Controllers\Admin\Laporan->__construct()
 2 SYSTEMPATH\CodeIgniter.php(490): CodeIgniter\CodeIgniter->createController()
 3 SYSTEMPATH\CodeIgniter.php(368): CodeIgniter\CodeIgniter->handleRequest(null, Object(Config\Cache), false)
 4 FCPATH\index.php(69): CodeIgniter\CodeIgniter->run()
INFO - 2024-02-17 02:48:58 --> Session: Class initialized using 'CodeIgniter\Session\Handlers\FileHandler' driver.
WARNING - 2024-02-17 02:49:01 --> [DEPRECATED] Creation of dynamic property App\Controllers\Admin\Transaksi::$pelanggan is deprecated in APPPATH\Controllers\Admin\Transaksi.php on line 14.
 1 SYSTEMPATH\CodeIgniter.php(906): App\Controllers\Admin\Transaksi->__construct()
 2 SYSTEMPATH\CodeIgniter.php(490): CodeIgniter\CodeIgniter->createController()
 3 SYSTEMPATH\CodeIgniter.php(368): CodeIgniter\CodeIgniter->handleRequest(null, Object(Config\Cache), false)
 4 FCPATH\index.php(69): CodeIgniter\CodeIgniter->run()
WARNING - 2024-02-17 02:49:01 --> [DEPRECATED] Creation of dynamic property App\Controllers\Admin\Transaksi::$produk is deprecated in APPPATH\Controllers\Admin\Transaksi.php on line 15.
 1 SYSTEMPATH\CodeIgniter.php(906): App\Controllers\Admin\Transaksi->__construct()
 2 SYSTEMPATH\CodeIgniter.php(490): CodeIgniter\CodeIgniter->createController()
 3 SYSTEMPATH\CodeIgniter.php(368): CodeIgniter\CodeIgniter->handleRequest(null, Object(Config\Cache), false)
 4 FCPATH\index.php(69): CodeIgniter\CodeIgniter->run()
WARNING - 2024-02-17 02:49:01 --> [DEPRECATED] Creation of dynamic property App\Controllers\Admin\Transaksi::$transaksi is deprecated in APPPATH\Controllers\Admin\Transaksi.php on line 16.
 1 SYSTEMPATH\CodeIgniter.php(906): App\Controllers\Admin\Transaksi->__construct()
 2 SYSTEMPATH\CodeIgniter.php(490): CodeIgniter\CodeIgniter->createController()
 3 SYSTEMPATH\CodeIgniter.php(368): CodeIgniter\CodeIgniter->handleRequest(null, Object(Config\Cache), false)
 4 FCPATH\index.php(69): CodeIgniter\CodeIgniter->run()
INFO - 2024-02-17 02:49:01 --> Session: Class initialized using 'CodeIgniter\Session\Handlers\FileHandler' driver.
WARNING - 2024-02-17 02:49:03 --> [DEPRECATED] Creation of dynamic property App\Controllers\Admin\Pelanggan::$pelanggan is deprecated in APPPATH\Controllers\Admin\Pelanggan.php on line 12.
 1 SYSTEMPATH\CodeIgniter.php(906): App\Controllers\Admin\Pelanggan->__construct()
 2 SYSTEMPATH\CodeIgniter.php(490): CodeIgniter\CodeIgniter->createController()
 3 SYSTEMPATH\CodeIgniter.php(368): CodeIgniter\CodeIgniter->handleRequest(null, Object(Config\Cache), false)
 4 FCPATH\index.php(69): CodeIgniter\CodeIgniter->run()
INFO - 2024-02-17 02:49:03 --> Session: Class initialized using 'CodeIgniter\Session\Handlers\FileHandler' driver.
WARNING - 2024-02-17 02:49:04 --> [DEPRECATED] Creation of dynamic property App\Controllers\Admin\Produk::$produk is deprecated in APPPATH\Controllers\Admin\Produk.php on line 12.
 1 SYSTEMPATH\CodeIgniter.php(906): App\Controllers\Admin\Produk->__construct()
 2 SYSTEMPATH\CodeIgniter.php(490): CodeIgniter\CodeIgniter->createController()
 3 SYSTEMPATH\CodeIgniter.php(368): CodeIgniter\CodeIgniter->handleRequest(null, Object(Config\Cache), false)
 4 FCPATH\index.php(69): CodeIgniter\CodeIgniter->run()
INFO - 2024-02-17 02:49:04 --> Session: Class initialized using 'CodeIgniter\Session\Handlers\FileHandler' driver.
WARNING - 2024-02-17 02:49:06 --> [DEPRECATED] Creation of dynamic property App\Controllers\Admin\User::$user is deprecated in APPPATH\Controllers\Admin\User.php on line 12.
 1 SYSTEMPATH\CodeIgniter.php(906): App\Controllers\Admin\User->__construct()
 2 SYSTEMPATH\CodeIgniter.php(490): CodeIgniter\CodeIgniter->createController()
 3 SYSTEMPATH\CodeIgniter.php(368): CodeIgniter\CodeIgniter->handleRequest(null, Object(Config\Cache), false)
 4 FCPATH\index.php(69): CodeIgniter\CodeIgniter->run()
INFO - 2024-02-17 02:49:06 --> Session: Class initialized using 'CodeIgniter\Session\Handlers\FileHandler' driver.
WARNING - 2024-02-17 02:49:08 --> [DEPRECATED] Creation of dynamic property App\Controllers\Admin\Transaksi::$pelanggan is deprecated in APPPATH\Controllers\Admin\Transaksi.php on line 14.
 1 SYSTEMPATH\CodeIgniter.php(906): App\Controllers\Admin\Transaksi->__construct()
 2 SYSTEMPATH\CodeIgniter.php(490): CodeIgniter\CodeIgniter->createController()
 3 SYSTEMPATH\CodeIgniter.php(368): CodeIgniter\CodeIgniter->handleRequest(null, Object(Config\Cache), false)
 4 FCPATH\index.php(69): CodeIgniter\CodeIgniter->run()
WARNING - 2024-02-17 02:49:08 --> [DEPRECATED] Creation of dynamic property App\Controllers\Admin\Transaksi::$produk is deprecated in APPPATH\Controllers\Admin\Transaksi.php on line 15.
 1 SYSTEMPATH\CodeIgniter.php(906): App\Controllers\Admin\Transaksi->__construct()
 2 SYSTEMPATH\CodeIgniter.php(490): CodeIgniter\CodeIgniter->createController()
 3 SYSTEMPATH\CodeIgniter.php(368): CodeIgniter\CodeIgniter->handleRequest(null, Object(Config\Cache), false)
 4 FCPATH\index.php(69): CodeIgniter\CodeIgniter->run()
WARNING - 2024-02-17 02:49:08 --> [DEPRECATED] Creation of dynamic property App\Controllers\Admin\Transaksi::$transaksi is deprecated in APPPATH\Controllers\Admin\Transaksi.php on line 16.
 1 SYSTEMPATH\CodeIgniter.php(906): App\Controllers\Admin\Transaksi->__construct()
 2 SYSTEMPATH\CodeIgniter.php(490): CodeIgniter\CodeIgniter->createController()
 3 SYSTEMPATH\CodeIgniter.php(368): CodeIgniter\CodeIgniter->handleRequest(null, Object(Config\Cache), false)
 4 FCPATH\index.php(69): CodeIgniter\CodeIgniter->run()
INFO - 2024-02-17 02:49:09 --> Session: Class initialized using 'CodeIgniter\Session\Handlers\FileHandler' driver.
